-------------------------------------------------------------------------------
Test set: TestSuite
-------------------------------------------------------------------------------
Tests run: 234, Failures: 107, Errors: 0, Skipped: 0, Time elapsed: 3,817.347 s <<< FAILURE! - in TestSuite
SS1_BannerTest(ShopStarProdTest.SS1_Banner_Test)  Time elapsed: 2.546 s  <<< FAILURE!
org.openqa.selenium.NoSuchElementException: 
no such element: Unable to locate element: {"method":"xpath","selector":"//span[text()='This site uses cookies to provide you with a great user experience. You can learn more by reviewing our Privacy Policy ']"}
  (Session info: chrome=79.0.3945.130)
For documentation on this error, please visit: https://www.seleniumhq.org/exceptions/no_such_element.html
Build info: version: '3.141.59', revision: 'e82be7d358', time: '2018-11-14T08:17:03'
System info: host: 'NTIMILSI-WIN10L', ip: '10.0.75.1', os.name: 'Windows 10', os.arch: 'amd64', os.version: '10.0', java.version: '1.8.0_221'
Driver info: org.openqa.selenium.chrome.ChromeDriver
Capabilities {acceptInsecureCerts: false, browserName: chrome, browserVersion: 79.0.3945.130, chrome: {chromedriverVersion: 79.0.3945.36 (3582db32b3389..., userDataDir: C:\Users\NTimilsi\AppData\L...}, goog:chromeOptions: {debuggerAddress: localhost:64392}, javascriptEnabled: true, networkConnectionEnabled: false, pageLoadStrategy: normal, platform: WINDOWS, platformName: WINDOWS, proxy: Proxy(), setWindowRect: true, strictFileInteractability: false, timeouts: {implicit: 0, pageLoad: 300000, script: 30000}, unhandledPromptBehavior: dismiss and notify}
Session ID: ba0d5cf740348919e30d276ad3f486da
*** Element info: {Using=xpath, value=//span[text()='This site uses cookies to provide you with a great user experience. You can learn more by reviewing our Privacy Policy ']}
	at ShopStarProdTest.SS1_Banner_Test.SS1_BannerTest(SS1_Banner_Test.java:104)

SS1_BannerTest(ShopStarProdTest.SS1_Banner_Test)  Time elapsed: 1.937 s  <<< FAILURE!
org.openqa.selenium.NoSuchElementException: 
no such element: Unable to locate element: {"method":"xpath","selector":"//*[text()='Login']|//*[text()='LOGIN  |']"}
  (Session info: chrome=79.0.3945.130)
For documentation on this error, please visit: https://www.seleniumhq.org/exceptions/no_such_element.html
Build info: version: '3.141.59', revision: 'e82be7d358', time: '2018-11-14T08:17:03'
System info: host: 'NTIMILSI-WIN10L', ip: '10.0.75.1', os.name: 'Windows 10', os.arch: 'amd64', os.version: '10.0', java.version: '1.8.0_221'
Driver info: org.openqa.selenium.chrome.ChromeDriver
Capabilities {acceptInsecureCerts: false, browserName: chrome, browserVersion: 79.0.3945.130, chrome: {chromedriverVersion: 79.0.3945.36 (3582db32b3389..., userDataDir: C:\Users\NTimilsi\AppData\L...}, goog:chromeOptions: {debuggerAddress: localhost:64474}, javascriptEnabled: true, networkConnectionEnabled: false, pageLoadStrategy: normal, platform: WINDOWS, platformName: WINDOWS, proxy: Proxy(), setWindowRect: true, strictFileInteractability: false, timeouts: {implicit: 0, pageLoad: 300000, script: 30000}, unhandledPromptBehavior: dismiss and notify}
Session ID: 77e67f6bf3d4a98aba00cc123e008f0d
*** Element info: {Using=xpath, value=//*[text()='Login']|//*[text()='LOGIN  |']}
	at ShopStarProdTest.SS1_Banner_Test.SS1_BannerTest(SS1_Banner_Test.java:100)

SS1_BannerTest(ShopStarProdTest.SS1_Banner_Test)  Time elapsed: 0.378 s  <<< FAILURE!
org.openqa.selenium.NoSuchElementException: 
no such element: Unable to locate element: {"method":"xpath","selector":"//span[text()='This site uses cookies to provide you with a great user experience. You can learn more by reviewing our Privacy Policy ']"}
  (Session info: chrome=79.0.3945.130)
For documentation on this error, please visit: https://www.seleniumhq.org/exceptions/no_such_element.html
Build info: version: '3.141.59', revision: 'e82be7d358', time: '2018-11-14T08:17:03'
System info: host: 'NTIMILSI-WIN10L', ip: '10.0.75.1', os.name: 'Windows 10', os.arch: 'amd64', os.version: '10.0', java.version: '1.8.0_221'
Driver info: org.openqa.selenium.chrome.ChromeDriver
Capabilities {acceptInsecureCerts: false, browserName: chrome, browserVersion: 79.0.3945.130, chrome: {chromedriverVersion: 79.0.3945.36 (3582db32b3389..., userDataDir: C:\Users\NTimilsi\AppData\L...}, goog:chromeOptions: {debuggerAddress: localhost:64736}, javascriptEnabled: true, networkConnectionEnabled: false, pageLoadStrategy: normal, platform: WINDOWS, platformName: WINDOWS, proxy: Proxy(), setWindowRect: true, strictFileInteractability: false, timeouts: {implicit: 0, pageLoad: 300000, script: 30000}, unhandledPromptBehavior: dismiss and notify}
Session ID: e39fe30b5c154a62e95dc0de3bb8b176
*** Element info: {Using=xpath, value=//span[text()='This site uses cookies to provide you with a great user experience. You can learn more by reviewing our Privacy Policy ']}
	at ShopStarProdTest.SS1_Banner_Test.SS1_BannerTest(SS1_Banner_Test.java:82)

SS1_BannerTest(ShopStarProdTest.SS1_Banner_Test)  Time elapsed: 0.376 s  <<< FAILURE!
org.openqa.selenium.NoSuchElementException: 
no such element: Unable to locate element: {"method":"xpath","selector":"//span[text()='This site uses cookies to provide you with a great user experience. You can learn more by reviewing our Privacy Policy ']"}
  (Session info: chrome=79.0.3945.130)
For documentation on this error, please visit: https://www.seleniumhq.org/exceptions/no_such_element.html
Build info: version: '3.141.59', revision: 'e82be7d358', time: '2018-11-14T08:17:03'
System info: host: 'NTIMILSI-WIN10L', ip: '10.0.75.1', os.name: 'Windows 10', os.arch: 'amd64', os.version: '10.0', java.version: '1.8.0_221'
Driver info: org.openqa.selenium.chrome.ChromeDriver
Capabilities {acceptInsecureCerts: false, browserName: chrome, browserVersion: 79.0.3945.130, chrome: {chromedriverVersion: 79.0.3945.36 (3582db32b3389..., userDataDir: C:\Users\NTimilsi\AppData\L...}, goog:chromeOptions: {debuggerAddress: localhost:64813}, javascriptEnabled: true, networkConnectionEnabled: false, pageLoadStrategy: normal, platform: WINDOWS, platformName: WINDOWS, proxy: Proxy(), setWindowRect: true, strictFileInteractability: false, timeouts: {implicit: 0, pageLoad: 300000, script: 30000}, unhandledPromptBehavior: dismiss and notify}
Session ID: 05d23ec7b3dd71edd376c9c9e0ab2afa
*** Element info: {Using=xpath, value=//span[text()='This site uses cookies to provide you with a great user experience. You can learn more by reviewing our Privacy Policy ']}
	at ShopStarProdTest.SS1_Banner_Test.SS1_BannerTest(SS1_Banner_Test.java:82)

SS1_BannerTest(ShopStarProdTest.SS1_Banner_Test)  Time elapsed: 1.932 s  <<< FAILURE!
org.openqa.selenium.NoSuchElementException: 
no such element: Unable to locate element: {"method":"xpath","selector":"//*[text()='Login']|//*[text()='LOGIN  |']"}
  (Session info: chrome=79.0.3945.130)
For documentation on this error, please visit: https://www.seleniumhq.org/exceptions/no_such_element.html
Build info: version: '3.141.59', revision: 'e82be7d358', time: '2018-11-14T08:17:03'
System info: host: 'NTIMILSI-WIN10L', ip: '10.0.75.1', os.name: 'Windows 10', os.arch: 'amd64', os.version: '10.0', java.version: '1.8.0_221'
Driver info: org.openqa.selenium.chrome.ChromeDriver
Capabilities {acceptInsecureCerts: false, browserName: chrome, browserVersion: 79.0.3945.130, chrome: {chromedriverVersion: 79.0.3945.36 (3582db32b3389..., userDataDir: C:\Users\NTimilsi\AppData\L...}, goog:chromeOptions: {debuggerAddress: localhost:64835}, javascriptEnabled: true, networkConnectionEnabled: false, pageLoadStrategy: normal, platform: WINDOWS, platformName: WINDOWS, proxy: Proxy(), setWindowRect: true, strictFileInteractability: false, timeouts: {implicit: 0, pageLoad: 300000, script: 30000}, unhandledPromptBehavior: dismiss and notify}
Session ID: 7b503a698c5daf81c1646bf743a08a0a
*** Element info: {Using=xpath, value=//*[text()='Login']|//*[text()='LOGIN  |']}
	at ShopStarProdTest.SS1_Banner_Test.SS1_BannerTest(SS1_Banner_Test.java:100)

SS1_BannerTest(ShopStarProdTest.SS1_Banner_Test)  Time elapsed: 0.286 s  <<< FAILURE!
org.openqa.selenium.NoSuchElementException: 
no such element: Unable to locate element: {"method":"xpath","selector":"//span[text()='This site uses cookies to provide you with a great user experience. You can learn more by reviewing our Privacy Policy ']"}
  (Session info: chrome=79.0.3945.130)
For documentation on this error, please visit: https://www.seleniumhq.org/exceptions/no_such_element.html
Build info: version: '3.141.59', revision: 'e82be7d358', time: '2018-11-14T08:17:03'
System info: host: 'NTIMILSI-WIN10L', ip: '10.0.75.1', os.name: 'Windows 10', os.arch: 'amd64', os.version: '10.0', java.version: '1.8.0_221'
Driver info: org.openqa.selenium.chrome.ChromeDriver
Capabilities {acceptInsecureCerts: false, browserName: chrome, browserVersion: 79.0.3945.130, chrome: {chromedriverVersion: 79.0.3945.36 (3582db32b3389..., userDataDir: C:\Users\NTimilsi\AppData\L...}, goog:chromeOptions: {debuggerAddress: localhost:64916}, javascriptEnabled: true, networkConnectionEnabled: false, pageLoadStrategy: normal, platform: WINDOWS, platformName: WINDOWS, proxy: Proxy(), setWindowRect: true, strictFileInteractability: false, timeouts: {implicit: 0, pageLoad: 300000, script: 30000}, unhandledPromptBehavior: dismiss and notify}
Session ID: 55312fcde61992837b85c3304553a399
*** Element info: {Using=xpath, value=//span[text()='This site uses cookies to provide you with a great user experience. You can learn more by reviewing our Privacy Policy ']}
	at ShopStarProdTest.SS1_Banner_Test.SS1_BannerTest(SS1_Banner_Test.java:82)

SS1_BannerTest(ShopStarProdTest.SS1_Banner_Test)  Time elapsed: 0.312 s  <<< FAILURE!
org.openqa.selenium.NoSuchElementException: 
no such element: Unable to locate element: {"method":"xpath","selector":"//span[text()='This site uses cookies to provide you with a great user experience. You can learn more by reviewing our Privacy Policy ']"}
  (Session info: chrome=79.0.3945.130)
For documentation on this error, please visit: https://www.seleniumhq.org/exceptions/no_such_element.html
Build info: version: '3.141.59', revision: 'e82be7d358', time: '2018-11-14T08:17:03'
System info: host: 'NTIMILSI-WIN10L', ip: '10.0.75.1', os.name: 'Windows 10', os.arch: 'amd64', os.version: '10.0', java.version: '1.8.0_221'
Driver info: org.openqa.selenium.chrome.ChromeDriver
Capabilities {acceptInsecureCerts: false, browserName: chrome, browserVersion: 79.0.3945.130, chrome: {chromedriverVersion: 79.0.3945.36 (3582db32b3389..., userDataDir: C:\Users\NTimilsi\AppData\L...}, goog:chromeOptions: {debuggerAddress: localhost:64986}, javascriptEnabled: true, networkConnectionEnabled: false, pageLoadStrategy: normal, platform: WINDOWS, platformName: WINDOWS, proxy: Proxy(), setWindowRect: true, strictFileInteractability: false, timeouts: {implicit: 0, pageLoad: 300000, script: 30000}, unhandledPromptBehavior: dismiss and notify}
Session ID: 461adb37b85510eb7642906700fcdba2
*** Element info: {Using=xpath, value=//span[text()='This site uses cookies to provide you with a great user experience. You can learn more by reviewing our Privacy Policy ']}
	at ShopStarProdTest.SS1_Banner_Test.SS1_BannerTest(SS1_Banner_Test.java:82)

SS1_BannerTest(ShopStarProdTest.SS1_Banner_Test)  Time elapsed: 2.138 s  <<< FAILURE!
org.openqa.selenium.NoSuchElementException: 
no such element: Unable to locate element: {"method":"xpath","selector":"//span[text()='This site uses cookies to provide you with a great user experience. You can learn more by reviewing our Privacy Policy ']"}
  (Session info: chrome=79.0.3945.130)
For documentation on this error, please visit: https://www.seleniumhq.org/exceptions/no_such_element.html
Build info: version: '3.141.59', revision: 'e82be7d358', time: '2018-11-14T08:17:03'
System info: host: 'NTIMILSI-WIN10L', ip: '10.0.75.1', os.name: 'Windows 10', os.arch: 'amd64', os.version: '10.0', java.version: '1.8.0_221'
Driver info: org.openqa.selenium.chrome.ChromeDriver
Capabilities {acceptInsecureCerts: false, browserName: chrome, browserVersion: 79.0.3945.130, chrome: {chromedriverVersion: 79.0.3945.36 (3582db32b3389..., userDataDir: C:\Users\NTimilsi\AppData\L...}, goog:chromeOptions: {debuggerAddress: localhost:65104}, javascriptEnabled: true, networkConnectionEnabled: false, pageLoadStrategy: normal, platform: WINDOWS, platformName: WINDOWS, proxy: Proxy(), setWindowRect: true, strictFileInteractability: false, timeouts: {implicit: 0, pageLoad: 300000, script: 30000}, unhandledPromptBehavior: dismiss and notify}
Session ID: 3f47709093228695b5fe9db9e72c2120
*** Element info: {Using=xpath, value=//span[text()='This site uses cookies to provide you with a great user experience. You can learn more by reviewing our Privacy Policy ']}
	at ShopStarProdTest.SS1_Banner_Test.SS1_BannerTest(SS1_Banner_Test.java:82)

SS1_BannerTest(ShopStarProdTest.SS1_Banner_Test)  Time elapsed: 0.49 s  <<< FAILURE!
org.openqa.selenium.NoSuchElementException: 
no such element: Unable to locate element: {"method":"xpath","selector":"//span[text()='This site uses cookies to provide you with a great user experience. You can learn more by reviewing our Privacy Policy ']"}
  (Session info: chrome=79.0.3945.130)
For documentation on this error, please visit: https://www.seleniumhq.org/exceptions/no_such_element.html
Build info: version: '3.141.59', revision: 'e82be7d358', time: '2018-11-14T08:17:03'
System info: host: 'NTIMILSI-WIN10L', ip: '10.0.75.1', os.name: 'Windows 10', os.arch: 'amd64', os.version: '10.0', java.version: '1.8.0_221'
Driver info: org.openqa.selenium.chrome.ChromeDriver
Capabilities {acceptInsecureCerts: false, browserName: chrome, browserVersion: 79.0.3945.130, chrome: {chromedriverVersion: 79.0.3945.36 (3582db32b3389..., userDataDir: C:\Users\NTimilsi\AppData\L...}, goog:chromeOptions: {debuggerAddress: localhost:65226}, javascriptEnabled: true, networkConnectionEnabled: false, pageLoadStrategy: normal, platform: WINDOWS, platformName: WINDOWS, proxy: Proxy(), setWindowRect: true, strictFileInteractability: false, timeouts: {implicit: 0, pageLoad: 300000, script: 30000}, unhandledPromptBehavior: dismiss and notify}
Session ID: 89069e2630032014d7ab040499c479a9
*** Element info: {Using=xpath, value=//span[text()='This site uses cookies to provide you with a great user experience. You can learn more by reviewing our Privacy Policy ']}
	at ShopStarProdTest.SS1_Banner_Test.SS1_BannerTest(SS1_Banner_Test.java:82)

SS1_BannerTest(ShopStarProdTest.SS1_Banner_Test)  Time elapsed: 0.37 s  <<< FAILURE!
org.openqa.selenium.NoSuchElementException: 
no such element: Unable to locate element: {"method":"xpath","selector":"//span[text()='This site uses cookies to provide you with a great user experience. You can learn more by reviewing our Privacy Policy ']"}
  (Session info: chrome=79.0.3945.130)
For documentation on this error, please visit: https://www.seleniumhq.org/exceptions/no_such_element.html
Build info: version: '3.141.59', revision: 'e82be7d358', time: '2018-11-14T08:17:03'
System info: host: 'NTIMILSI-WIN10L', ip: '10.0.75.1', os.name: 'Windows 10', os.arch: 'amd64', os.version: '10.0', java.version: '1.8.0_221'
Driver info: org.openqa.selenium.chrome.ChromeDriver
Capabilities {acceptInsecureCerts: false, browserName: chrome, browserVersion: 79.0.3945.130, chrome: {chromedriverVersion: 79.0.3945.36 (3582db32b3389..., userDataDir: C:\Users\NTimilsi\AppData\L...}, goog:chromeOptions: {debuggerAddress: localhost:65390}, javascriptEnabled: true, networkConnectionEnabled: false, pageLoadStrategy: normal, platform: WINDOWS, platformName: WINDOWS, proxy: Proxy(), setWindowRect: true, strictFileInteractability: false, timeouts: {implicit: 0, pageLoad: 300000, script: 30000}, unhandledPromptBehavior: dismiss and notify}
Session ID: 5c3e9a1eba4ce6a9149ab6b6858d7ddd
*** Element info: {Using=xpath, value=//span[text()='This site uses cookies to provide you with a great user experience. You can learn more by reviewing our Privacy Policy ']}
	at ShopStarProdTest.SS1_Banner_Test.SS1_BannerTest(SS1_Banner_Test.java:82)

SS1_BannerTest(ShopStarProdTest.SS1_Banner_Test)  Time elapsed: 0.398 s  <<< FAILURE!
org.openqa.selenium.NoSuchElementException: 
no such element: Unable to locate element: {"method":"xpath","selector":"//span[text()='This site uses cookies to provide you with a great user experience. You can learn more by reviewing our Privacy Policy ']"}
  (Session info: chrome=79.0.3945.130)
For documentation on this error, please visit: https://www.seleniumhq.org/exceptions/no_such_element.html
Build info: version: '3.141.59', revision: 'e82be7d358', time: '2018-11-14T08:17:03'
System info: host: 'NTIMILSI-WIN10L', ip: '10.0.75.1', os.name: 'Windows 10', os.arch: 'amd64', os.version: '10.0', java.version: '1.8.0_221'
Driver info: org.openqa.selenium.chrome.ChromeDriver
Capabilities {acceptInsecureCerts: false, browserName: chrome, browserVersion: 79.0.3945.130, chrome: {chromedriverVersion: 79.0.3945.36 (3582db32b3389..., userDataDir: C:\Users\NTimilsi\AppData\L...}, goog:chromeOptions: {debuggerAddress: localhost:65412}, javascriptEnabled: true, networkConnectionEnabled: false, pageLoadStrategy: normal, platform: WINDOWS, platformName: WINDOWS, proxy: Proxy(), setWindowRect: true, strictFileInteractability: false, timeouts: {implicit: 0, pageLoad: 300000, script: 30000}, unhandledPromptBehavior: dismiss and notify}
Session ID: e00b24706a40cb83e20a653187587c06
*** Element info: {Using=xpath, value=//span[text()='This site uses cookies to provide you with a great user experience. You can learn more by reviewing our Privacy Policy ']}
	at ShopStarProdTest.SS1_Banner_Test.SS1_BannerTest(SS1_Banner_Test.java:82)

SS1_BannerTest(ShopStarProdTest.SS1_Banner_Test)  Time elapsed: 26.948 s  <<< FAILURE!
org.openqa.selenium.NoSuchElementException: 
no such element: Unable to locate element: {"method":"xpath","selector":"//span[text()='This site uses cookies to provide you with a great user experience. You can learn more by reviewing our Privacy Policy ']"}
  (Session info: chrome=79.0.3945.130)
For documentation on this error, please visit: https://www.seleniumhq.org/exceptions/no_such_element.html
Build info: version: '3.141.59', revision: 'e82be7d358', time: '2018-11-14T08:17:03'
System info: host: 'NTIMILSI-WIN10L', ip: '10.0.75.1', os.name: 'Windows 10', os.arch: 'amd64', os.version: '10.0', java.version: '1.8.0_221'
Driver info: org.openqa.selenium.chrome.ChromeDriver
Capabilities {acceptInsecureCerts: false, browserName: chrome, browserVersion: 79.0.3945.130, chrome: {chromedriverVersion: 79.0.3945.36 (3582db32b3389..., userDataDir: C:\Users\NTimilsi\AppData\L...}, goog:chromeOptions: {debuggerAddress: localhost:65438}, javascriptEnabled: true, networkConnectionEnabled: false, pageLoadStrategy: normal, platform: WINDOWS, platformName: WINDOWS, proxy: Proxy(), setWindowRect: true, strictFileInteractability: false, timeouts: {implicit: 0, pageLoad: 300000, script: 30000}, unhandledPromptBehavior: dismiss and notify}
Session ID: 6bdb23ea7dcb52590fb6f305238cc4ed
*** Element info: {Using=xpath, value=//span[text()='This site uses cookies to provide you with a great user experience. You can learn more by reviewing our Privacy Policy ']}
	at ShopStarProdTest.SS1_Banner_Test.SS1_BannerTest(SS1_Banner_Test.java:82)

SS1_BannerTest(ShopStarProdTest.SS1_Banner_Test)  Time elapsed: 0.481 s  <<< FAILURE!
org.openqa.selenium.NoSuchElementException: 
no such element: Unable to locate element: {"method":"xpath","selector":"//span[text()='This site uses cookies to provide you with a great user experience. You can learn more by reviewing our Privacy Policy ']"}
  (Session info: chrome=79.0.3945.130)
For documentation on this error, please visit: https://www.seleniumhq.org/exceptions/no_such_element.html
Build info: version: '3.141.59', revision: 'e82be7d358', time: '2018-11-14T08:17:03'
System info: host: 'NTIMILSI-WIN10L', ip: '10.0.75.1', os.name: 'Windows 10', os.arch: 'amd64', os.version: '10.0', java.version: '1.8.0_221'
Driver info: org.openqa.selenium.chrome.ChromeDriver
Capabilities {acceptInsecureCerts: false, browserName: chrome, browserVersion: 79.0.3945.130, chrome: {chromedriverVersion: 79.0.3945.36 (3582db32b3389..., userDataDir: C:\Users\NTimilsi\AppData\L...}, goog:chromeOptions: {debuggerAddress: localhost:49182}, javascriptEnabled: true, networkConnectionEnabled: false, pageLoadStrategy: normal, platform: WINDOWS, platformName: WINDOWS, proxy: Proxy(), setWindowRect: true, strictFileInteractability: false, timeouts: {implicit: 0, pageLoad: 300000, script: 30000}, unhandledPromptBehavior: dismiss and notify}
Session ID: 775bf1afdd8272dfd3206f3c6b571574
*** Element info: {Using=xpath, value=//span[text()='This site uses cookies to provide you with a great user experience. You can learn more by reviewing our Privacy Policy ']}
	at ShopStarProdTest.SS1_Banner_Test.SS1_BannerTest(SS1_Banner_Test.java:82)

SS1_BannerTest(ShopStarProdTest.SS1_Banner_Test)  Time elapsed: 1.054 s  <<< FAILURE!
org.openqa.selenium.NoSuchElementException: 
no such element: Unable to locate element: {"method":"xpath","selector":"//span[text()='This site uses cookies to provide you with a great user experience. You can learn more by reviewing our Privacy Policy ']"}
  (Session info: chrome=79.0.3945.130)
For documentation on this error, please visit: https://www.seleniumhq.org/exceptions/no_such_element.html
Build info: version: '3.141.59', revision: 'e82be7d358', time: '2018-11-14T08:17:03'
System info: host: 'NTIMILSI-WIN10L', ip: '10.0.75.1', os.name: 'Windows 10', os.arch: 'amd64', os.version: '10.0', java.version: '1.8.0_221'
Driver info: org.openqa.selenium.chrome.ChromeDriver
Capabilities {acceptInsecureCerts: false, browserName: chrome, browserVersion: 79.0.3945.130, chrome: {chromedriverVersion: 79.0.3945.36 (3582db32b3389..., userDataDir: C:\Users\NTimilsi\AppData\L...}, goog:chromeOptions: {debuggerAddress: localhost:49261}, javascriptEnabled: true, networkConnectionEnabled: false, pageLoadStrategy: normal, platform: WINDOWS, platformName: WINDOWS, proxy: Proxy(), setWindowRect: true, strictFileInteractability: false, timeouts: {implicit: 0, pageLoad: 300000, script: 30000}, unhandledPromptBehavior: dismiss and notify}
Session ID: 57357a221162e06f81a4a5d570fab5db
*** Element info: {Using=xpath, value=//span[text()='This site uses cookies to provide you with a great user experience. You can learn more by reviewing our Privacy Policy ']}
	at ShopStarProdTest.SS1_Banner_Test.SS1_BannerTest(SS1_Banner_Test.java:82)

SS1_BannerTest(ShopStarProdTest.SS1_Banner_Test)  Time elapsed: 0.429 s  <<< FAILURE!
org.openqa.selenium.NoSuchElementException: 
no such element: Unable to locate element: {"method":"xpath","selector":"//span[text()='This site uses cookies to provide you with a great user experience. You can learn more by reviewing our Privacy Policy ']"}
  (Session info: chrome=79.0.3945.130)
For documentation on this error, please visit: https://www.seleniumhq.org/exceptions/no_such_element.html
Build info: version: '3.141.59', revision: 'e82be7d358', time: '2018-11-14T08:17:03'
System info: host: 'NTIMILSI-WIN10L', ip: '10.0.75.1', os.name: 'Windows 10', os.arch: 'amd64', os.version: '10.0', java.version: '1.8.0_221'
Driver info: org.openqa.selenium.chrome.ChromeDriver
Capabilities {acceptInsecureCerts: false, browserName: chrome, browserVersion: 79.0.3945.130, chrome: {chromedriverVersion: 79.0.3945.36 (3582db32b3389..., userDataDir: C:\Users\NTimilsi\AppData\L...}, goog:chromeOptions: {debuggerAddress: localhost:49288}, javascriptEnabled: true, networkConnectionEnabled: false, pageLoadStrategy: normal, platform: WINDOWS, platformName: WINDOWS, proxy: Proxy(), setWindowRect: true, strictFileInteractability: false, timeouts: {implicit: 0, pageLoad: 300000, script: 30000}, unhandledPromptBehavior: dismiss and notify}
Session ID: a8de45d8b38547954c292b1d4d3b524b
*** Element info: {Using=xpath, value=//span[text()='This site uses cookies to provide you with a great user experience. You can learn more by reviewing our Privacy Policy ']}
	at ShopStarProdTest.SS1_Banner_Test.SS1_BannerTest(SS1_Banner_Test.java:82)

SS1_BannerTest(ShopStarProdTest.SS1_Banner_Test)  Time elapsed: 0.41 s  <<< FAILURE!
org.openqa.selenium.NoSuchElementException: 
no such element: Unable to locate element: {"method":"xpath","selector":"//span[text()='This site uses cookies to provide you with a great user experience. You can learn more by reviewing our Privacy Policy ']"}
  (Session info: chrome=79.0.3945.130)
For documentation on this error, please visit: https://www.seleniumhq.org/exceptions/no_such_element.html
Build info: version: '3.141.59', revision: 'e82be7d358', time: '2018-11-14T08:17:03'
System info: host: 'NTIMILSI-WIN10L', ip: '10.0.75.1', os.name: 'Windows 10', os.arch: 'amd64', os.version: '10.0', java.version: '1.8.0_221'
Driver info: org.openqa.selenium.chrome.ChromeDriver
Capabilities {acceptInsecureCerts: false, browserName: chrome, browserVersion: 79.0.3945.130, chrome: {chromedriverVersion: 79.0.3945.36 (3582db32b3389..., userDataDir: C:\Users\NTimilsi\AppData\L...}, goog:chromeOptions: {debuggerAddress: localhost:49311}, javascriptEnabled: true, networkConnectionEnabled: false, pageLoadStrategy: normal, platform: WINDOWS, platformName: WINDOWS, proxy: Proxy(), setWindowRect: true, strictFileInteractability: false, timeouts: {implicit: 0, pageLoad: 300000, script: 30000}, unhandledPromptBehavior: dismiss and notify}
Session ID: 8ddd886bbd2b83a4770c92adebcd1da7
*** Element info: {Using=xpath, value=//span[text()='This site uses cookies to provide you with a great user experience. You can learn more by reviewing our Privacy Policy ']}
	at ShopStarProdTest.SS1_Banner_Test.SS1_BannerTest(SS1_Banner_Test.java:82)

SS1_BannerTest(ShopStarProdTest.SS1_Banner_Test)  Time elapsed: 0.455 s  <<< FAILURE!
org.openqa.selenium.NoSuchElementException: 
no such element: Unable to locate element: {"method":"xpath","selector":"//span[text()='This site uses cookies to provide you with a great user experience. You can learn more by reviewing our Privacy Policy ']"}
  (Session info: chrome=79.0.3945.130)
For documentation on this error, please visit: https://www.seleniumhq.org/exceptions/no_such_element.html
Build info: version: '3.141.59', revision: 'e82be7d358', time: '2018-11-14T08:17:03'
System info: host: 'NTIMILSI-WIN10L', ip: '10.0.75.1', os.name: 'Windows 10', os.arch: 'amd64', os.version: '10.0', java.version: '1.8.0_221'
Driver info: org.openqa.selenium.chrome.ChromeDriver
Capabilities {acceptInsecureCerts: false, browserName: chrome, browserVersion: 79.0.3945.130, chrome: {chromedriverVersion: 79.0.3945.36 (3582db32b3389..., userDataDir: C:\Users\NTimilsi\AppData\L...}, goog:chromeOptions: {debuggerAddress: localhost:49380}, javascriptEnabled: true, networkConnectionEnabled: false, pageLoadStrategy: normal, platform: WINDOWS, platformName: WINDOWS, proxy: Proxy(), setWindowRect: true, strictFileInteractability: false, timeouts: {implicit: 0, pageLoad: 300000, script: 30000}, unhandledPromptBehavior: dismiss and notify}
Session ID: e5c0c09db8e140857d7690f495bebe67
*** Element info: {Using=xpath, value=//span[text()='This site uses cookies to provide you with a great user experience. You can learn more by reviewing our Privacy Policy ']}
	at ShopStarProdTest.SS1_Banner_Test.SS1_BannerTest(SS1_Banner_Test.java:82)

SS1_BannerTest(ShopStarProdTest.SS1_Banner_Test)  Time elapsed: 1.921 s  <<< FAILURE!
org.openqa.selenium.NoSuchElementException: 
no such element: Unable to locate element: {"method":"xpath","selector":"//span[text()='This site uses cookies to provide you with a great user experience. You can learn more by reviewing our Privacy Policy ']"}
  (Session info: chrome=79.0.3945.130)
For documentation on this error, please visit: https://www.seleniumhq.org/exceptions/no_such_element.html
Build info: version: '3.141.59', revision: 'e82be7d358', time: '2018-11-14T08:17:03'
System info: host: 'NTIMILSI-WIN10L', ip: '10.0.75.1', os.name: 'Windows 10', os.arch: 'amd64', os.version: '10.0', java.version: '1.8.0_221'
Driver info: org.openqa.selenium.chrome.ChromeDriver
Capabilities {acceptInsecureCerts: false, browserName: chrome, browserVersion: 79.0.3945.130, chrome: {chromedriverVersion: 79.0.3945.36 (3582db32b3389..., userDataDir: C:\Users\NTimilsi\AppData\L...}, goog:chromeOptions: {debuggerAddress: localhost:49402}, javascriptEnabled: true, networkConnectionEnabled: false, pageLoadStrategy: normal, platform: WINDOWS, platformName: WINDOWS, proxy: Proxy(), setWindowRect: true, strictFileInteractability: false, timeouts: {implicit: 0, pageLoad: 300000, script: 30000}, unhandledPromptBehavior: dismiss and notify}
Session ID: 11cad17cbeeb67f19b509b00f37756c9
*** Element info: {Using=xpath, value=//span[text()='This site uses cookies to provide you with a great user experience. You can learn more by reviewing our Privacy Policy ']}
	at ShopStarProdTest.SS1_Banner_Test.SS1_BannerTest(SS1_Banner_Test.java:104)

SS1_BannerTest(ShopStarProdTest.SS1_Banner_Test)  Time elapsed: 0.583 s  <<< FAILURE!
org.openqa.selenium.NoSuchElementException: 
no such element: Unable to locate element: {"method":"xpath","selector":"//span[text()='This site uses cookies to provide you with a great user experience. You can learn more by reviewing our Privacy Policy ']"}
  (Session info: chrome=79.0.3945.130)
For documentation on this error, please visit: https://www.seleniumhq.org/exceptions/no_such_element.html
Build info: version: '3.141.59', revision: 'e82be7d358', time: '2018-11-14T08:17:03'
System info: host: 'NTIMILSI-WIN10L', ip: '10.0.75.1', os.name: 'Windows 10', os.arch: 'amd64', os.version: '10.0', java.version: '1.8.0_221'
Driver info: org.openqa.selenium.chrome.ChromeDriver
Capabilities {acceptInsecureCerts: false, browserName: chrome, browserVersion: 79.0.3945.130, chrome: {chromedriverVersion: 79.0.3945.36 (3582db32b3389..., userDataDir: C:\Users\NTimilsi\AppData\L...}, goog:chromeOptions: {debuggerAddress: localhost:49432}, javascriptEnabled: true, networkConnectionEnabled: false, pageLoadStrategy: normal, platform: WINDOWS, platformName: WINDOWS, proxy: Proxy(), setWindowRect: true, strictFileInteractability: false, timeouts: {implicit: 0, pageLoad: 300000, script: 30000}, unhandledPromptBehavior: dismiss and notify}
Session ID: a4f8a7b9b8a4f9b13bc247df25da3e8e
*** Element info: {Using=xpath, value=//span[text()='This site uses cookies to provide you with a great user experience. You can learn more by reviewing our Privacy Policy ']}
	at ShopStarProdTest.SS1_Banner_Test.SS1_BannerTest(SS1_Banner_Test.java:82)

SS1_BannerTest(ShopStarProdTest.SS1_Banner_Test)  Time elapsed: 0.342 s  <<< FAILURE!
org.openqa.selenium.NoSuchElementException: 
no such element: Unable to locate element: {"method":"xpath","selector":"//span[text()='This site uses cookies to provide you with a great user experience. You can learn more by reviewing our Privacy Policy ']"}
  (Session info: chrome=79.0.3945.130)
For documentation on this error, please visit: https://www.seleniumhq.org/exceptions/no_such_element.html
Build info: version: '3.141.59', revision: 'e82be7d358', time: '2018-11-14T08:17:03'
System info: host: 'NTIMILSI-WIN10L', ip: '10.0.75.1', os.name: 'Windows 10', os.arch: 'amd64', os.version: '10.0', java.version: '1.8.0_221'
Driver info: org.openqa.selenium.chrome.ChromeDriver
Capabilities {acceptInsecureCerts: false, browserName: chrome, browserVersion: 79.0.3945.130, chrome: {chromedriverVersion: 79.0.3945.36 (3582db32b3389..., userDataDir: C:\Users\NTimilsi\AppData\L...}, goog:chromeOptions: {debuggerAddress: localhost:49602}, javascriptEnabled: true, networkConnectionEnabled: false, pageLoadStrategy: normal, platform: WINDOWS, platformName: WINDOWS, proxy: Proxy(), setWindowRect: true, strictFileInteractability: false, timeouts: {implicit: 0, pageLoad: 300000, script: 30000}, unhandledPromptBehavior: dismiss and notify}
Session ID: 047246c3e19d8091158fc38a0c9800af
*** Element info: {Using=xpath, value=//span[text()='This site uses cookies to provide you with a great user experience. You can learn more by reviewing our Privacy Policy ']}
	at ShopStarProdTest.SS1_Banner_Test.SS1_BannerTest(SS1_Banner_Test.java:82)

SS1_BannerTest(ShopStarProdTest.SS1_Banner_Test)  Time elapsed: 0.38 s  <<< FAILURE!
org.openqa.selenium.NoSuchElementException: 
no such element: Unable to locate element: {"method":"xpath","selector":"//span[text()='This site uses cookies to provide you with a great user experience. You can learn more by reviewing our Privacy Policy ']"}
  (Session info: chrome=79.0.3945.130)
For documentation on this error, please visit: https://www.seleniumhq.org/exceptions/no_such_element.html
Build info: version: '3.141.59', revision: 'e82be7d358', time: '2018-11-14T08:17:03'
System info: host: 'NTIMILSI-WIN10L', ip: '10.0.75.1', os.name: 'Windows 10', os.arch: 'amd64', os.version: '10.0', java.version: '1.8.0_221'
Driver info: org.openqa.selenium.chrome.ChromeDriver
Capabilities {acceptInsecureCerts: false, browserName: chrome, browserVersion: 79.0.3945.130, chrome: {chromedriverVersion: 79.0.3945.36 (3582db32b3389..., userDataDir: C:\Users\NTimilsi\AppData\L...}, goog:chromeOptions: {debuggerAddress: localhost:49624}, javascriptEnabled: true, networkConnectionEnabled: false, pageLoadStrategy: normal, platform: WINDOWS, platformName: WINDOWS, proxy: Proxy(), setWindowRect: true, strictFileInteractability: false, timeouts: {implicit: 0, pageLoad: 300000, script: 30000}, unhandledPromptBehavior: dismiss and notify}
Session ID: c266801d471d6bad3813c513596b4a0c
*** Element info: {Using=xpath, value=//span[text()='This site uses cookies to provide you with a great user experience. You can learn more by reviewing our Privacy Policy ']}
	at ShopStarProdTest.SS1_Banner_Test.SS1_BannerTest(SS1_Banner_Test.java:82)

SS1_BannerTest(ShopStarProdTest.SS1_Banner_Test)  Time elapsed: 0.367 s  <<< FAILURE!
org.openqa.selenium.NoSuchElementException: 
no such element: Unable to locate element: {"method":"xpath","selector":"//span[text()='This site uses cookies to provide you with a great user experience. You can learn more by reviewing our Privacy Policy ']"}
  (Session info: chrome=79.0.3945.130)
For documentation on this error, please visit: https://www.seleniumhq.org/exceptions/no_such_element.html
Build info: version: '3.141.59', revision: 'e82be7d358', time: '2018-11-14T08:17:03'
System info: host: 'NTIMILSI-WIN10L', ip: '10.0.75.1', os.name: 'Windows 10', os.arch: 'amd64', os.version: '10.0', java.version: '1.8.0_221'
Driver info: org.openqa.selenium.chrome.ChromeDriver
Capabilities {acceptInsecureCerts: false, browserName: chrome, browserVersion: 79.0.3945.130, chrome: {chromedriverVersion: 79.0.3945.36 (3582db32b3389..., userDataDir: C:\Users\NTimilsi\AppData\L...}, goog:chromeOptions: {debuggerAddress: localhost:49748}, javascriptEnabled: true, networkConnectionEnabled: false, pageLoadStrategy: normal, platform: WINDOWS, platformName: WINDOWS, proxy: Proxy(), setWindowRect: true, strictFileInteractability: false, timeouts: {implicit: 0, pageLoad: 300000, script: 30000}, unhandledPromptBehavior: dismiss and notify}
Session ID: f5252f714683dbb9ad8c9ee17b50edd9
*** Element info: {Using=xpath, value=//span[text()='This site uses cookies to provide you with a great user experience. You can learn more by reviewing our Privacy Policy ']}
	at ShopStarProdTest.SS1_Banner_Test.SS1_BannerTest(SS1_Banner_Test.java:82)

SS1_BannerTest(ShopStarProdTest.SS1_Banner_Test)  Time elapsed: 0.376 s  <<< FAILURE!
org.openqa.selenium.NoSuchElementException: 
no such element: Unable to locate element: {"method":"xpath","selector":"//span[text()='This site uses cookies to provide you with a great user experience. You can learn more by reviewing our Privacy Policy ']"}
  (Session info: chrome=79.0.3945.130)
For documentation on this error, please visit: https://www.seleniumhq.org/exceptions/no_such_element.html
Build info: version: '3.141.59', revision: 'e82be7d358', time: '2018-11-14T08:17:03'
System info: host: 'NTIMILSI-WIN10L', ip: '10.0.75.1', os.name: 'Windows 10', os.arch: 'amd64', os.version: '10.0', java.version: '1.8.0_221'
Driver info: org.openqa.selenium.chrome.ChromeDriver
Capabilities {acceptInsecureCerts: false, browserName: chrome, browserVersion: 79.0.3945.130, chrome: {chromedriverVersion: 79.0.3945.36 (3582db32b3389..., userDataDir: C:\Users\NTimilsi\AppData\L...}, goog:chromeOptions: {debuggerAddress: localhost:49840}, javascriptEnabled: true, networkConnectionEnabled: false, pageLoadStrategy: normal, platform: WINDOWS, platformName: WINDOWS, proxy: Proxy(), setWindowRect: true, strictFileInteractability: false, timeouts: {implicit: 0, pageLoad: 300000, script: 30000}, unhandledPromptBehavior: dismiss and notify}
Session ID: 4b67410942a7e31399de250c568010d6
*** Element info: {Using=xpath, value=//span[text()='This site uses cookies to provide you with a great user experience. You can learn more by reviewing our Privacy Policy ']}
	at ShopStarProdTest.SS1_Banner_Test.SS1_BannerTest(SS1_Banner_Test.java:82)

SS1_BannerTest(ShopStarProdTest.SS1_Banner_Test)  Time elapsed: 0.476 s  <<< FAILURE!
org.openqa.selenium.NoSuchElementException: 
no such element: Unable to locate element: {"method":"xpath","selector":"//span[text()='This site uses cookies to provide you with a great user experience. You can learn more by reviewing our Privacy Policy ']"}
  (Session info: chrome=79.0.3945.130)
For documentation on this error, please visit: https://www.seleniumhq.org/exceptions/no_such_element.html
Build info: version: '3.141.59', revision: 'e82be7d358', time: '2018-11-14T08:17:03'
System info: host: 'NTIMILSI-WIN10L', ip: '10.0.75.1', os.name: 'Windows 10', os.arch: 'amd64', os.version: '10.0', java.version: '1.8.0_221'
Driver info: org.openqa.selenium.chrome.ChromeDriver
Capabilities {acceptInsecureCerts: false, browserName: chrome, browserVersion: 79.0.3945.130, chrome: {chromedriverVersion: 79.0.3945.36 (3582db32b3389..., userDataDir: C:\Users\NTimilsi\AppData\L...}, goog:chromeOptions: {debuggerAddress: localhost:50023}, javascriptEnabled: true, networkConnectionEnabled: false, pageLoadStrategy: normal, platform: WINDOWS, platformName: WINDOWS, proxy: Proxy(), setWindowRect: true, strictFileInteractability: false, timeouts: {implicit: 0, pageLoad: 300000, script: 30000}, unhandledPromptBehavior: dismiss and notify}
Session ID: c29a9e64742dffb21384986d303f4400
*** Element info: {Using=xpath, value=//span[text()='This site uses cookies to provide you with a great user experience. You can learn more by reviewing our Privacy Policy ']}
	at ShopStarProdTest.SS1_Banner_Test.SS1_BannerTest(SS1_Banner_Test.java:82)

SS1_BannerTest(ShopStarProdTest.SS1_Banner_Test)  Time elapsed: 0.475 s  <<< FAILURE!
org.openqa.selenium.NoSuchElementException: 
no such element: Unable to locate element: {"method":"xpath","selector":"//span[text()='This site uses cookies to provide you with a great user experience. You can learn more by reviewing our Privacy Policy ']"}
  (Session info: chrome=79.0.3945.130)
For documentation on this error, please visit: https://www.seleniumhq.org/exceptions/no_such_element.html
Build info: version: '3.141.59', revision: 'e82be7d358', time: '2018-11-14T08:17:03'
System info: host: 'NTIMILSI-WIN10L', ip: '10.0.75.1', os.name: 'Windows 10', os.arch: 'amd64', os.version: '10.0', java.version: '1.8.0_221'
Driver info: org.openqa.selenium.chrome.ChromeDriver
Capabilities {acceptInsecureCerts: false, browserName: chrome, browserVersion: 79.0.3945.130, chrome: {chromedriverVersion: 79.0.3945.36 (3582db32b3389..., userDataDir: C:\Users\NTimilsi\AppData\L...}, goog:chromeOptions: {debuggerAddress: localhost:50049}, javascriptEnabled: true, networkConnectionEnabled: false, pageLoadStrategy: normal, platform: WINDOWS, platformName: WINDOWS, proxy: Proxy(), setWindowRect: true, strictFileInteractability: false, timeouts: {implicit: 0, pageLoad: 300000, script: 30000}, unhandledPromptBehavior: dismiss and notify}
Session ID: 6ad9772ddd1680bea79c1c02833a057c
*** Element info: {Using=xpath, value=//span[text()='This site uses cookies to provide you with a great user experience. You can learn more by reviewing our Privacy Policy ']}
	at ShopStarProdTest.SS1_Banner_Test.SS1_BannerTest(SS1_Banner_Test.java:82)

SS1_BannerTest(ShopStarProdTest.SS1_Banner_Test)  Time elapsed: 3.283 s  <<< FAILURE!
org.openqa.selenium.NoSuchElementException: 
no such element: Unable to locate element: {"method":"xpath","selector":"//span[text()='This site uses cookies to provide you with a great user experience. You can learn more by reviewing our Privacy Policy ']"}
  (Session info: chrome=79.0.3945.130)
For documentation on this error, please visit: https://www.seleniumhq.org/exceptions/no_such_element.html
Build info: version: '3.141.59', revision: 'e82be7d358', time: '2018-11-14T08:17:03'
System info: host: 'NTIMILSI-WIN10L', ip: '10.0.75.1', os.name: 'Windows 10', os.arch: 'amd64', os.version: '10.0', java.version: '1.8.0_221'
Driver info: org.openqa.selenium.chrome.ChromeDriver
Capabilities {acceptInsecureCerts: false, browserName: chrome, browserVersion: 79.0.3945.130, chrome: {chromedriverVersion: 79.0.3945.36 (3582db32b3389..., userDataDir: C:\Users\NTimilsi\AppData\L...}, goog:chromeOptions: {debuggerAddress: localhost:50075}, javascriptEnabled: true, networkConnectionEnabled: false, pageLoadStrategy: normal, platform: WINDOWS, platformName: WINDOWS, proxy: Proxy(), setWindowRect: true, strictFileInteractability: false, timeouts: {implicit: 0, pageLoad: 300000, script: 30000}, unhandledPromptBehavior: dismiss and notify}
Session ID: 36106af69fe1e64291b6684a51b6881b
*** Element info: {Using=xpath, value=//span[text()='This site uses cookies to provide you with a great user experience. You can learn more by reviewing our Privacy Policy ']}
	at ShopStarProdTest.SS1_Banner_Test.SS1_BannerTest(SS1_Banner_Test.java:104)

SS1_BannerTest(ShopStarProdTest.SS1_Banner_Test)  Time elapsed: 0.683 s  <<< FAILURE!
org.openqa.selenium.NoSuchElementException: 
no such element: Unable to locate element: {"method":"xpath","selector":"//span[text()='This site uses cookies to provide you with a great user experience. You can learn more by reviewing our Privacy Policy ']"}
  (Session info: chrome=79.0.3945.130)
For documentation on this error, please visit: https://www.seleniumhq.org/exceptions/no_such_element.html
Build info: version: '3.141.59', revision: 'e82be7d358', time: '2018-11-14T08:17:03'
System info: host: 'NTIMILSI-WIN10L', ip: '10.0.75.1', os.name: 'Windows 10', os.arch: 'amd64', os.version: '10.0', java.version: '1.8.0_221'
Driver info: org.openqa.selenium.chrome.ChromeDriver
Capabilities {acceptInsecureCerts: false, browserName: chrome, browserVersion: 79.0.3945.130, chrome: {chromedriverVersion: 79.0.3945.36 (3582db32b3389..., userDataDir: C:\Users\NTimilsi\AppData\L...}, goog:chromeOptions: {debuggerAddress: localhost:50157}, javascriptEnabled: true, networkConnectionEnabled: false, pageLoadStrategy: normal, platform: WINDOWS, platformName: WINDOWS, proxy: Proxy(), setWindowRect: true, strictFileInteractability: false, timeouts: {implicit: 0, pageLoad: 300000, script: 30000}, unhandledPromptBehavior: dismiss and notify}
Session ID: 0d190b10fec5993b34cdf100d22bd638
*** Element info: {Using=xpath, value=//span[text()='This site uses cookies to provide you with a great user experience. You can learn more by reviewing our Privacy Policy ']}
	at ShopStarProdTest.SS1_Banner_Test.SS1_BannerTest(SS1_Banner_Test.java:82)

SS1_BannerTest(ShopStarProdTest.SS1_Banner_Test)  Time elapsed: 0.501 s  <<< FAILURE!
org.openqa.selenium.NoSuchElementException: 
no such element: Unable to locate element: {"method":"xpath","selector":"//span[text()='This site uses cookies to provide you with a great user experience. You can learn more by reviewing our Privacy Policy ']"}
  (Session info: chrome=79.0.3945.130)
For documentation on this error, please visit: https://www.seleniumhq.org/exceptions/no_such_element.html
Build info: version: '3.141.59', revision: 'e82be7d358', time: '2018-11-14T08:17:03'
System info: host: 'NTIMILSI-WIN10L', ip: '10.0.75.1', os.name: 'Windows 10', os.arch: 'amd64', os.version: '10.0', java.version: '1.8.0_221'
Driver info: org.openqa.selenium.chrome.ChromeDriver
Capabilities {acceptInsecureCerts: false, browserName: chrome, browserVersion: 79.0.3945.130, chrome: {chromedriverVersion: 79.0.3945.36 (3582db32b3389..., userDataDir: C:\Users\NTimilsi\AppData\L...}, goog:chromeOptions: {debuggerAddress: localhost:50227}, javascriptEnabled: true, networkConnectionEnabled: false, pageLoadStrategy: normal, platform: WINDOWS, platformName: WINDOWS, proxy: Proxy(), setWindowRect: true, strictFileInteractability: false, timeouts: {implicit: 0, pageLoad: 300000, script: 30000}, unhandledPromptBehavior: dismiss and notify}
Session ID: b9b1ecf89d6947f27076eb9cb2a4e10a
*** Element info: {Using=xpath, value=//span[text()='This site uses cookies to provide you with a great user experience. You can learn more by reviewing our Privacy Policy ']}
	at ShopStarProdTest.SS1_Banner_Test.SS1_BannerTest(SS1_Banner_Test.java:82)

SS1_BannerTest(ShopStarProdTest.SS1_Banner_Test)  Time elapsed: 1.123 s  <<< FAILURE!
org.openqa.selenium.NoSuchElementException: 
no such element: Unable to locate element: {"method":"xpath","selector":"//span[text()='This site uses cookies to provide you with a great user experience. You can learn more by reviewing our Privacy Policy ']"}
  (Session info: chrome=79.0.3945.130)
For documentation on this error, please visit: https://www.seleniumhq.org/exceptions/no_such_element.html
Build info: version: '3.141.59', revision: 'e82be7d358', time: '2018-11-14T08:17:03'
System info: host: 'NTIMILSI-WIN10L', ip: '10.0.75.1', os.name: 'Windows 10', os.arch: 'amd64', os.version: '10.0', java.version: '1.8.0_221'
Driver info: org.openqa.selenium.chrome.ChromeDriver
Capabilities {acceptInsecureCerts: false, browserName: chrome, browserVersion: 79.0.3945.130, chrome: {chromedriverVersion: 79.0.3945.36 (3582db32b3389..., userDataDir: C:\Users\NTimilsi\AppData\L...}, goog:chromeOptions: {debuggerAddress: localhost:50397}, javascriptEnabled: true, networkConnectionEnabled: false, pageLoadStrategy: normal, platform: WINDOWS, platformName: WINDOWS, proxy: Proxy(), setWindowRect: true, strictFileInteractability: false, timeouts: {implicit: 0, pageLoad: 300000, script: 30000}, unhandledPromptBehavior: dismiss and notify}
Session ID: 1d73955533182fa66e1648b07c6479e4
*** Element info: {Using=xpath, value=//span[text()='This site uses cookies to provide you with a great user experience. You can learn more by reviewing our Privacy Policy ']}
	at ShopStarProdTest.SS1_Banner_Test.SS1_BannerTest(SS1_Banner_Test.java:82)

SS1_BannerTest(ShopStarProdTest.SS1_Banner_Test)  Time elapsed: 0.509 s  <<< FAILURE!
org.openqa.selenium.NoSuchElementException: 
no such element: Unable to locate element: {"method":"xpath","selector":"//span[text()='This site uses cookies to provide you with a great user experience. You can learn more by reviewing our Privacy Policy ']"}
  (Session info: chrome=79.0.3945.130)
For documentation on this error, please visit: https://www.seleniumhq.org/exceptions/no_such_element.html
Build info: version: '3.141.59', revision: 'e82be7d358', time: '2018-11-14T08:17:03'
System info: host: 'NTIMILSI-WIN10L', ip: '10.0.75.1', os.name: 'Windows 10', os.arch: 'amd64', os.version: '10.0', java.version: '1.8.0_221'
Driver info: org.openqa.selenium.chrome.ChromeDriver
Capabilities {acceptInsecureCerts: false, browserName: chrome, browserVersion: 79.0.3945.130, chrome: {chromedriverVersion: 79.0.3945.36 (3582db32b3389..., userDataDir: C:\Users\NTimilsi\AppData\L...}, goog:chromeOptions: {debuggerAddress: localhost:50429}, javascriptEnabled: true, networkConnectionEnabled: false, pageLoadStrategy: normal, platform: WINDOWS, platformName: WINDOWS, proxy: Proxy(), setWindowRect: true, strictFileInteractability: false, timeouts: {implicit: 0, pageLoad: 300000, script: 30000}, unhandledPromptBehavior: dismiss and notify}
Session ID: 11eff35c0cbb226aa49f3dce4447a614
*** Element info: {Using=xpath, value=//span[text()='This site uses cookies to provide you with a great user experience. You can learn more by reviewing our Privacy Policy ']}
	at ShopStarProdTest.SS1_Banner_Test.SS1_BannerTest(SS1_Banner_Test.java:82)

SS1_BannerTest(ShopStarProdTest.SS1_Banner_Test)  Time elapsed: 0.52 s  <<< FAILURE!
org.openqa.selenium.NoSuchElementException: 
no such element: Unable to locate element: {"method":"xpath","selector":"//span[text()='This site uses cookies to provide you with a great user experience. You can learn more by reviewing our Privacy Policy ']"}
  (Session info: chrome=79.0.3945.130)
For documentation on this error, please visit: https://www.seleniumhq.org/exceptions/no_such_element.html
Build info: version: '3.141.59', revision: 'e82be7d358', time: '2018-11-14T08:17:03'
System info: host: 'NTIMILSI-WIN10L', ip: '10.0.75.1', os.name: 'Windows 10', os.arch: 'amd64', os.version: '10.0', java.version: '1.8.0_221'
Driver info: org.openqa.selenium.chrome.ChromeDriver
Capabilities {acceptInsecureCerts: false, browserName: chrome, browserVersion: 79.0.3945.130, chrome: {chromedriverVersion: 79.0.3945.36 (3582db32b3389..., userDataDir: C:\Users\NTimilsi\AppData\L...}, goog:chromeOptions: {debuggerAddress: localhost:50456}, javascriptEnabled: true, networkConnectionEnabled: false, pageLoadStrategy: normal, platform: WINDOWS, platformName: WINDOWS, proxy: Proxy(), setWindowRect: true, strictFileInteractability: false, timeouts: {implicit: 0, pageLoad: 300000, script: 30000}, unhandledPromptBehavior: dismiss and notify}
Session ID: 05059954130a08c3936ae000c3bdfbd3
*** Element info: {Using=xpath, value=//span[text()='This site uses cookies to provide you with a great user experience. You can learn more by reviewing our Privacy Policy ']}
	at ShopStarProdTest.SS1_Banner_Test.SS1_BannerTest(SS1_Banner_Test.java:82)

SS1_BannerTest(ShopStarProdTest.SS1_Banner_Test)  Time elapsed: 3.394 s  <<< FAILURE!
org.openqa.selenium.NoSuchElementException: 
no such element: Unable to locate element: {"method":"xpath","selector":"//span[text()='This site uses cookies to provide you with a great user experience. You can learn more by reviewing our Privacy Policy ']"}
  (Session info: chrome=79.0.3945.130)
For documentation on this error, please visit: https://www.seleniumhq.org/exceptions/no_such_element.html
Build info: version: '3.141.59', revision: 'e82be7d358', time: '2018-11-14T08:17:03'
System info: host: 'NTIMILSI-WIN10L', ip: '10.0.75.1', os.name: 'Windows 10', os.arch: 'amd64', os.version: '10.0', java.version: '1.8.0_221'
Driver info: org.openqa.selenium.chrome.ChromeDriver
Capabilities {acceptInsecureCerts: false, browserName: chrome, browserVersion: 79.0.3945.130, chrome: {chromedriverVersion: 79.0.3945.36 (3582db32b3389..., userDataDir: C:\Users\NTimilsi\AppData\L...}, goog:chromeOptions: {debuggerAddress: localhost:50717}, javascriptEnabled: true, networkConnectionEnabled: false, pageLoadStrategy: normal, platform: WINDOWS, platformName: WINDOWS, proxy: Proxy(), setWindowRect: true, strictFileInteractability: false, timeouts: {implicit: 0, pageLoad: 300000, script: 30000}, unhandledPromptBehavior: dismiss and notify}
Session ID: 809561ebe524360d59bdd703f0d40152
*** Element info: {Using=xpath, value=//span[text()='This site uses cookies to provide you with a great user experience. You can learn more by reviewing our Privacy Policy ']}
	at ShopStarProdTest.SS1_Banner_Test.SS1_BannerTest(SS1_Banner_Test.java:104)

SS1_BannerTest(ShopStarProdTest.SS1_Banner_Test)  Time elapsed: 1.238 s  <<< FAILURE!
org.openqa.selenium.NoSuchElementException: 
no such element: Unable to locate element: {"method":"xpath","selector":"//span[text()='This site uses cookies to provide you with a great user experience. You can learn more by reviewing our Privacy Policy ']"}
  (Session info: chrome=79.0.3945.130)
For documentation on this error, please visit: https://www.seleniumhq.org/exceptions/no_such_element.html
Build info: version: '3.141.59', revision: 'e82be7d358', time: '2018-11-14T08:17:03'
System info: host: 'NTIMILSI-WIN10L', ip: '10.0.75.1', os.name: 'Windows 10', os.arch: 'amd64', os.version: '10.0', java.version: '1.8.0_221'
Driver info: org.openqa.selenium.chrome.ChromeDriver
Capabilities {acceptInsecureCerts: false, browserName: chrome, browserVersion: 79.0.3945.130, chrome: {chromedriverVersion: 79.0.3945.36 (3582db32b3389..., userDataDir: C:\Users\NTimilsi\AppData\L...}, goog:chromeOptions: {debuggerAddress: localhost:50789}, javascriptEnabled: true, networkConnectionEnabled: false, pageLoadStrategy: normal, platform: WINDOWS, platformName: WINDOWS, proxy: Proxy(), setWindowRect: true, strictFileInteractability: false, timeouts: {implicit: 0, pageLoad: 300000, script: 30000}, unhandledPromptBehavior: dismiss and notify}
Session ID: 471d77d44d5f2a56188a8071adb1dc10
*** Element info: {Using=xpath, value=//span[text()='This site uses cookies to provide you with a great user experience. You can learn more by reviewing our Privacy Policy ']}
	at ShopStarProdTest.SS1_Banner_Test.SS1_BannerTest(SS1_Banner_Test.java:82)

SS1_BannerTest(ShopStarProdTest.SS1_Banner_Test)  Time elapsed: 0.374 s  <<< FAILURE!
org.openqa.selenium.NoSuchElementException: 
no such element: Unable to locate element: {"method":"xpath","selector":"//span[text()='This site uses cookies to provide you with a great user experience. You can learn more by reviewing our Privacy Policy ']"}
  (Session info: chrome=79.0.3945.130)
For documentation on this error, please visit: https://www.seleniumhq.org/exceptions/no_such_element.html
Build info: version: '3.141.59', revision: 'e82be7d358', time: '2018-11-14T08:17:03'
System info: host: 'NTIMILSI-WIN10L', ip: '10.0.75.1', os.name: 'Windows 10', os.arch: 'amd64', os.version: '10.0', java.version: '1.8.0_221'
Driver info: org.openqa.selenium.chrome.ChromeDriver
Capabilities {acceptInsecureCerts: false, browserName: chrome, browserVersion: 79.0.3945.130, chrome: {chromedriverVersion: 79.0.3945.36 (3582db32b3389..., userDataDir: C:\Users\NTimilsi\AppData\L...}, goog:chromeOptions: {debuggerAddress: localhost:51055}, javascriptEnabled: true, networkConnectionEnabled: false, pageLoadStrategy: normal, platform: WINDOWS, platformName: WINDOWS, proxy: Proxy(), setWindowRect: true, strictFileInteractability: false, timeouts: {implicit: 0, pageLoad: 300000, script: 30000}, unhandledPromptBehavior: dismiss and notify}
Session ID: 5c64ea6cfbde7636b447d8e827fe0113
*** Element info: {Using=xpath, value=//span[text()='This site uses cookies to provide you with a great user experience. You can learn more by reviewing our Privacy Policy ']}
	at ShopStarProdTest.SS1_Banner_Test.SS1_BannerTest(SS1_Banner_Test.java:82)

SS1_BannerTest(ShopStarProdTest.SS1_Banner_Test)  Time elapsed: 0.504 s  <<< FAILURE!
org.openqa.selenium.NoSuchElementException: 
no such element: Unable to locate element: {"method":"xpath","selector":"//span[text()='This site uses cookies to provide you with a great user experience. You can learn more by reviewing our Privacy Policy ']"}
  (Session info: chrome=79.0.3945.130)
For documentation on this error, please visit: https://www.seleniumhq.org/exceptions/no_such_element.html
Build info: version: '3.141.59', revision: 'e82be7d358', time: '2018-11-14T08:17:03'
System info: host: 'NTIMILSI-WIN10L', ip: '10.0.75.1', os.name: 'Windows 10', os.arch: 'amd64', os.version: '10.0', java.version: '1.8.0_221'
Driver info: org.openqa.selenium.chrome.ChromeDriver
Capabilities {acceptInsecureCerts: false, browserName: chrome, browserVersion: 79.0.3945.130, chrome: {chromedriverVersion: 79.0.3945.36 (3582db32b3389..., userDataDir: C:\Users\NTimilsi\AppData\L...}, goog:chromeOptions: {debuggerAddress: localhost:51078}, javascriptEnabled: true, networkConnectionEnabled: false, pageLoadStrategy: normal, platform: WINDOWS, platformName: WINDOWS, proxy: Proxy(), setWindowRect: true, strictFileInteractability: false, timeouts: {implicit: 0, pageLoad: 300000, script: 30000}, unhandledPromptBehavior: dismiss and notify}
Session ID: d98bae6506fdbe614237e5888465e70c
*** Element info: {Using=xpath, value=//span[text()='This site uses cookies to provide you with a great user experience. You can learn more by reviewing our Privacy Policy ']}
	at ShopStarProdTest.SS1_Banner_Test.SS1_BannerTest(SS1_Banner_Test.java:82)

SS1_BannerTest(ShopStarProdTest.SS1_Banner_Test)  Time elapsed: 0.629 s  <<< FAILURE!
org.openqa.selenium.NoSuchElementException: 
no such element: Unable to locate element: {"method":"xpath","selector":"//span[text()='This site uses cookies to provide you with a great user experience. You can learn more by reviewing our Privacy Policy ']"}
  (Session info: chrome=79.0.3945.130)
For documentation on this error, please visit: https://www.seleniumhq.org/exceptions/no_such_element.html
Build info: version: '3.141.59', revision: 'e82be7d358', time: '2018-11-14T08:17:03'
System info: host: 'NTIMILSI-WIN10L', ip: '10.0.75.1', os.name: 'Windows 10', os.arch: 'amd64', os.version: '10.0', java.version: '1.8.0_221'
Driver info: org.openqa.selenium.chrome.ChromeDriver
Capabilities {acceptInsecureCerts: false, browserName: chrome, browserVersion: 79.0.3945.130, chrome: {chromedriverVersion: 79.0.3945.36 (3582db32b3389..., userDataDir: C:\Users\NTimilsi\AppData\L...}, goog:chromeOptions: {debuggerAddress: localhost:51151}, javascriptEnabled: true, networkConnectionEnabled: false, pageLoadStrategy: normal, platform: WINDOWS, platformName: WINDOWS, proxy: Proxy(), setWindowRect: true, strictFileInteractability: false, timeouts: {implicit: 0, pageLoad: 300000, script: 30000}, unhandledPromptBehavior: dismiss and notify}
Session ID: 5befef557221621e59be4ff5479141f6
*** Element info: {Using=xpath, value=//span[text()='This site uses cookies to provide you with a great user experience. You can learn more by reviewing our Privacy Policy ']}
	at ShopStarProdTest.SS1_Banner_Test.SS1_BannerTest(SS1_Banner_Test.java:82)

SS1_BannerTest(ShopStarProdTest.SS1_Banner_Test)  Time elapsed: 0.348 s  <<< FAILURE!
org.openqa.selenium.NoSuchElementException: 
no such element: Unable to locate element: {"method":"xpath","selector":"//span[text()='This site uses cookies to provide you with a great user experience. You can learn more by reviewing our Privacy Policy ']"}
  (Session info: chrome=79.0.3945.130)
For documentation on this error, please visit: https://www.seleniumhq.org/exceptions/no_such_element.html
Build info: version: '3.141.59', revision: 'e82be7d358', time: '2018-11-14T08:17:03'
System info: host: 'NTIMILSI-WIN10L', ip: '10.0.75.1', os.name: 'Windows 10', os.arch: 'amd64', os.version: '10.0', java.version: '1.8.0_221'
Driver info: org.openqa.selenium.chrome.ChromeDriver
Capabilities {acceptInsecureCerts: false, browserName: chrome, browserVersion: 79.0.3945.130, chrome: {chromedriverVersion: 79.0.3945.36 (3582db32b3389..., userDataDir: C:\Users\NTimilsi\AppData\L...}, goog:chromeOptions: {debuggerAddress: localhost:51176}, javascriptEnabled: true, networkConnectionEnabled: false, pageLoadStrategy: normal, platform: WINDOWS, platformName: WINDOWS, proxy: Proxy(), setWindowRect: true, strictFileInteractability: false, timeouts: {implicit: 0, pageLoad: 300000, script: 30000}, unhandledPromptBehavior: dismiss and notify}
Session ID: bb7c718a56d76a28910721fdff9cdd71
*** Element info: {Using=xpath, value=//span[text()='This site uses cookies to provide you with a great user experience. You can learn more by reviewing our Privacy Policy ']}
	at ShopStarProdTest.SS1_Banner_Test.SS1_BannerTest(SS1_Banner_Test.java:82)

SS1_BannerTest(ShopStarProdTest.SS1_Banner_Test)  Time elapsed: 0.39 s  <<< FAILURE!
org.openqa.selenium.NoSuchElementException: 
no such element: Unable to locate element: {"method":"xpath","selector":"//span[text()='This site uses cookies to provide you with a great user experience. You can learn more by reviewing our Privacy Policy ']"}
  (Session info: chrome=79.0.3945.130)
For documentation on this error, please visit: https://www.seleniumhq.org/exceptions/no_such_element.html
Build info: version: '3.141.59', revision: 'e82be7d358', time: '2018-11-14T08:17:03'
System info: host: 'NTIMILSI-WIN10L', ip: '10.0.75.1', os.name: 'Windows 10', os.arch: 'amd64', os.version: '10.0', java.version: '1.8.0_221'
Driver info: org.openqa.selenium.chrome.ChromeDriver
Capabilities {acceptInsecureCerts: false, browserName: chrome, browserVersion: 79.0.3945.130, chrome: {chromedriverVersion: 79.0.3945.36 (3582db32b3389..., userDataDir: C:\Users\NTimilsi\AppData\L...}, goog:chromeOptions: {debuggerAddress: localhost:51296}, javascriptEnabled: true, networkConnectionEnabled: false, pageLoadStrategy: normal, platform: WINDOWS, platformName: WINDOWS, proxy: Proxy(), setWindowRect: true, strictFileInteractability: false, timeouts: {implicit: 0, pageLoad: 300000, script: 30000}, unhandledPromptBehavior: dismiss and notify}
Session ID: 17e663e767b91217885456f309437435
*** Element info: {Using=xpath, value=//span[text()='This site uses cookies to provide you with a great user experience. You can learn more by reviewing our Privacy Policy ']}
	at ShopStarProdTest.SS1_Banner_Test.SS1_BannerTest(SS1_Banner_Test.java:82)

SS1_BannerTest(ShopStarProdTest.SS1_Banner_Test)  Time elapsed: 5.762 s  <<< FAILURE!
org.openqa.selenium.NoSuchElementException: 
no such element: Unable to locate element: {"method":"xpath","selector":"//span[text()='This site uses cookies to provide you with a great user experience. You can learn more by reviewing our Privacy Policy ']"}
  (Session info: chrome=79.0.3945.130)
For documentation on this error, please visit: https://www.seleniumhq.org/exceptions/no_such_element.html
Build info: version: '3.141.59', revision: 'e82be7d358', time: '2018-11-14T08:17:03'
System info: host: 'NTIMILSI-WIN10L', ip: '10.0.75.1', os.name: 'Windows 10', os.arch: 'amd64', os.version: '10.0', java.version: '1.8.0_221'
Driver info: org.openqa.selenium.chrome.ChromeDriver
Capabilities {acceptInsecureCerts: false, browserName: chrome, browserVersion: 79.0.3945.130, chrome: {chromedriverVersion: 79.0.3945.36 (3582db32b3389..., userDataDir: C:\Users\NTimilsi\AppData\L...}, goog:chromeOptions: {debuggerAddress: localhost:51364}, javascriptEnabled: true, networkConnectionEnabled: false, pageLoadStrategy: normal, platform: WINDOWS, platformName: WINDOWS, proxy: Proxy(), setWindowRect: true, strictFileInteractability: false, timeouts: {implicit: 0, pageLoad: 300000, script: 30000}, unhandledPromptBehavior: dismiss and notify}
Session ID: f97a6b3af7ad1a1d7d6fccf9451343d9
*** Element info: {Using=xpath, value=//span[text()='This site uses cookies to provide you with a great user experience. You can learn more by reviewing our Privacy Policy ']}
	at ShopStarProdTest.SS1_Banner_Test.SS1_BannerTest(SS1_Banner_Test.java:104)

SS1_BannerTest(ShopStarProdTest.SS1_Banner_Test)  Time elapsed: 0.358 s  <<< FAILURE!
org.openqa.selenium.NoSuchElementException: 
no such element: Unable to locate element: {"method":"xpath","selector":"//span[text()='This site uses cookies to provide you with a great user experience. You can learn more by reviewing our Privacy Policy ']"}
  (Session info: chrome=79.0.3945.130)
For documentation on this error, please visit: https://www.seleniumhq.org/exceptions/no_such_element.html
Build info: version: '3.141.59', revision: 'e82be7d358', time: '2018-11-14T08:17:03'
System info: host: 'NTIMILSI-WIN10L', ip: '10.0.75.1', os.name: 'Windows 10', os.arch: 'amd64', os.version: '10.0', java.version: '1.8.0_221'
Driver info: org.openqa.selenium.chrome.ChromeDriver
Capabilities {acceptInsecureCerts: false, browserName: chrome, browserVersion: 79.0.3945.130, chrome: {chromedriverVersion: 79.0.3945.36 (3582db32b3389..., userDataDir: C:\Users\NTimilsi\AppData\L...}, goog:chromeOptions: {debuggerAddress: localhost:51534}, javascriptEnabled: true, networkConnectionEnabled: false, pageLoadStrategy: normal, platform: WINDOWS, platformName: WINDOWS, proxy: Proxy(), setWindowRect: true, strictFileInteractability: false, timeouts: {implicit: 0, pageLoad: 300000, script: 30000}, unhandledPromptBehavior: dismiss and notify}
Session ID: 4b6728fcbe112828cfa844928e0f5e1a
*** Element info: {Using=xpath, value=//span[text()='This site uses cookies to provide you with a great user experience. You can learn more by reviewing our Privacy Policy ']}
	at ShopStarProdTest.SS1_Banner_Test.SS1_BannerTest(SS1_Banner_Test.java:82)

SS1_BannerTest(ShopStarProdTest.SS1_Banner_Test)  Time elapsed: 0.337 s  <<< FAILURE!
org.openqa.selenium.NoSuchElementException: 
no such element: Unable to locate element: {"method":"xpath","selector":"//span[text()='This site uses cookies to provide you with a great user experience. You can learn more by reviewing our Privacy Policy ']"}
  (Session info: chrome=79.0.3945.130)
For documentation on this error, please visit: https://www.seleniumhq.org/exceptions/no_such_element.html
Build info: version: '3.141.59', revision: 'e82be7d358', time: '2018-11-14T08:17:03'
System info: host: 'NTIMILSI-WIN10L', ip: '10.0.75.1', os.name: 'Windows 10', os.arch: 'amd64', os.version: '10.0', java.version: '1.8.0_221'
Driver info: org.openqa.selenium.chrome.ChromeDriver
Capabilities {acceptInsecureCerts: false, browserName: chrome, browserVersion: 79.0.3945.130, chrome: {chromedriverVersion: 79.0.3945.36 (3582db32b3389..., userDataDir: C:\Users\NTimilsi\AppData\L...}, goog:chromeOptions: {debuggerAddress: localhost:51556}, javascriptEnabled: true, networkConnectionEnabled: false, pageLoadStrategy: normal, platform: WINDOWS, platformName: WINDOWS, proxy: Proxy(), setWindowRect: true, strictFileInteractability: false, timeouts: {implicit: 0, pageLoad: 300000, script: 30000}, unhandledPromptBehavior: dismiss and notify}
Session ID: 14fa21b571f757f597378d878d1775b6
*** Element info: {Using=xpath, value=//span[text()='This site uses cookies to provide you with a great user experience. You can learn more by reviewing our Privacy Policy ']}
	at ShopStarProdTest.SS1_Banner_Test.SS1_BannerTest(SS1_Banner_Test.java:82)

SS1_BannerTest(ShopStarProdTest.SS1_Banner_Test)  Time elapsed: 0.404 s  <<< FAILURE!
org.openqa.selenium.NoSuchElementException: 
no such element: Unable to locate element: {"method":"xpath","selector":"//span[text()='This site uses cookies to provide you with a great user experience. You can learn more by reviewing our Privacy Policy ']"}
  (Session info: chrome=79.0.3945.130)
For documentation on this error, please visit: https://www.seleniumhq.org/exceptions/no_such_element.html
Build info: version: '3.141.59', revision: 'e82be7d358', time: '2018-11-14T08:17:03'
System info: host: 'NTIMILSI-WIN10L', ip: '10.0.75.1', os.name: 'Windows 10', os.arch: 'amd64', os.version: '10.0', java.version: '1.8.0_221'
Driver info: org.openqa.selenium.chrome.ChromeDriver
Capabilities {acceptInsecureCerts: false, browserName: chrome, browserVersion: 79.0.3945.130, chrome: {chromedriverVersion: 79.0.3945.36 (3582db32b3389..., userDataDir: C:\Users\NTimilsi\AppData\L...}, goog:chromeOptions: {debuggerAddress: localhost:51584}, javascriptEnabled: true, networkConnectionEnabled: false, pageLoadStrategy: normal, platform: WINDOWS, platformName: WINDOWS, proxy: Proxy(), setWindowRect: true, strictFileInteractability: false, timeouts: {implicit: 0, pageLoad: 300000, script: 30000}, unhandledPromptBehavior: dismiss and notify}
Session ID: e7b44db356fe5e18429e1328983c622a
*** Element info: {Using=xpath, value=//span[text()='This site uses cookies to provide you with a great user experience. You can learn more by reviewing our Privacy Policy ']}
	at ShopStarProdTest.SS1_Banner_Test.SS1_BannerTest(SS1_Banner_Test.java:82)

SS1_BannerTest(ShopStarProdTest.SS1_Banner_Test)  Time elapsed: 0.337 s  <<< FAILURE!
org.openqa.selenium.NoSuchElementException: 
no such element: Unable to locate element: {"method":"xpath","selector":"//span[text()='This site uses cookies to provide you with a great user experience. You can learn more by reviewing our Privacy Policy ']"}
  (Session info: chrome=79.0.3945.130)
For documentation on this error, please visit: https://www.seleniumhq.org/exceptions/no_such_element.html
Build info: version: '3.141.59', revision: 'e82be7d358', time: '2018-11-14T08:17:03'
System info: host: 'NTIMILSI-WIN10L', ip: '10.0.75.1', os.name: 'Windows 10', os.arch: 'amd64', os.version: '10.0', java.version: '1.8.0_221'
Driver info: org.openqa.selenium.chrome.ChromeDriver
Capabilities {acceptInsecureCerts: false, browserName: chrome, browserVersion: 79.0.3945.130, chrome: {chromedriverVersion: 79.0.3945.36 (3582db32b3389..., userDataDir: C:\Users\NTimilsi\AppData\L...}, goog:chromeOptions: {debuggerAddress: localhost:51699}, javascriptEnabled: true, networkConnectionEnabled: false, pageLoadStrategy: normal, platform: WINDOWS, platformName: WINDOWS, proxy: Proxy(), setWindowRect: true, strictFileInteractability: false, timeouts: {implicit: 0, pageLoad: 300000, script: 30000}, unhandledPromptBehavior: dismiss and notify}
Session ID: ec42c563c0227156aed1861ffc5c7042
*** Element info: {Using=xpath, value=//span[text()='This site uses cookies to provide you with a great user experience. You can learn more by reviewing our Privacy Policy ']}
	at ShopStarProdTest.SS1_Banner_Test.SS1_BannerTest(SS1_Banner_Test.java:82)

SS1_BannerTest(ShopStarProdTest.SS1_Banner_Test)  Time elapsed: 0.304 s  <<< FAILURE!
org.openqa.selenium.NoSuchElementException: 
no such element: Unable to locate element: {"method":"xpath","selector":"//span[text()='This site uses cookies to provide you with a great user experience. You can learn more by reviewing our Privacy Policy ']"}
  (Session info: chrome=79.0.3945.130)
For documentation on this error, please visit: https://www.seleniumhq.org/exceptions/no_such_element.html
Build info: version: '3.141.59', revision: 'e82be7d358', time: '2018-11-14T08:17:03'
System info: host: 'NTIMILSI-WIN10L', ip: '10.0.75.1', os.name: 'Windows 10', os.arch: 'amd64', os.version: '10.0', java.version: '1.8.0_221'
Driver info: org.openqa.selenium.chrome.ChromeDriver
Capabilities {acceptInsecureCerts: false, browserName: chrome, browserVersion: 79.0.3945.130, chrome: {chromedriverVersion: 79.0.3945.36 (3582db32b3389..., userDataDir: C:\Users\NTimilsi\AppData\L...}, goog:chromeOptions: {debuggerAddress: localhost:51770}, javascriptEnabled: true, networkConnectionEnabled: false, pageLoadStrategy: normal, platform: WINDOWS, platformName: WINDOWS, proxy: Proxy(), setWindowRect: true, strictFileInteractability: false, timeouts: {implicit: 0, pageLoad: 300000, script: 30000}, unhandledPromptBehavior: dismiss and notify}
Session ID: 9af293985957856e4eb4a12d1eeb532b
*** Element info: {Using=xpath, value=//span[text()='This site uses cookies to provide you with a great user experience. You can learn more by reviewing our Privacy Policy ']}
	at ShopStarProdTest.SS1_Banner_Test.SS1_BannerTest(SS1_Banner_Test.java:82)

SS1_BannerTest(ShopStarProdTest.SS1_Banner_Test)  Time elapsed: 0.385 s  <<< FAILURE!
org.openqa.selenium.NoSuchElementException: 
no such element: Unable to locate element: {"method":"xpath","selector":"//span[text()='This site uses cookies to provide you with a great user experience. You can learn more by reviewing our Privacy Policy ']"}
  (Session info: chrome=79.0.3945.130)
For documentation on this error, please visit: https://www.seleniumhq.org/exceptions/no_such_element.html
Build info: version: '3.141.59', revision: 'e82be7d358', time: '2018-11-14T08:17:03'
System info: host: 'NTIMILSI-WIN10L', ip: '10.0.75.1', os.name: 'Windows 10', os.arch: 'amd64', os.version: '10.0', java.version: '1.8.0_221'
Driver info: org.openqa.selenium.chrome.ChromeDriver
Capabilities {acceptInsecureCerts: false, browserName: chrome, browserVersion: 79.0.3945.130, chrome: {chromedriverVersion: 79.0.3945.36 (3582db32b3389..., userDataDir: C:\Users\NTimilsi\AppData\L...}, goog:chromeOptions: {debuggerAddress: localhost:51843}, javascriptEnabled: true, networkConnectionEnabled: false, pageLoadStrategy: normal, platform: WINDOWS, platformName: WINDOWS, proxy: Proxy(), setWindowRect: true, strictFileInteractability: false, timeouts: {implicit: 0, pageLoad: 300000, script: 30000}, unhandledPromptBehavior: dismiss and notify}
Session ID: f0a7b589a662fe53ab7def3aa7687f34
*** Element info: {Using=xpath, value=//span[text()='This site uses cookies to provide you with a great user experience. You can learn more by reviewing our Privacy Policy ']}
	at ShopStarProdTest.SS1_Banner_Test.SS1_BannerTest(SS1_Banner_Test.java:82)

SS1_BannerTest(ShopStarProdTest.SS1_Banner_Test)  Time elapsed: 0.456 s  <<< FAILURE!
org.openqa.selenium.NoSuchElementException: 
no such element: Unable to locate element: {"method":"xpath","selector":"//span[text()='This site uses cookies to provide you with a great user experience. You can learn more by reviewing our Privacy Policy ']"}
  (Session info: chrome=79.0.3945.130)
For documentation on this error, please visit: https://www.seleniumhq.org/exceptions/no_such_element.html
Build info: version: '3.141.59', revision: 'e82be7d358', time: '2018-11-14T08:17:03'
System info: host: 'NTIMILSI-WIN10L', ip: '10.0.75.1', os.name: 'Windows 10', os.arch: 'amd64', os.version: '10.0', java.version: '1.8.0_221'
Driver info: org.openqa.selenium.chrome.ChromeDriver
Capabilities {acceptInsecureCerts: false, browserName: chrome, browserVersion: 79.0.3945.130, chrome: {chromedriverVersion: 79.0.3945.36 (3582db32b3389..., userDataDir: C:\Users\NTimilsi\AppData\L...}, goog:chromeOptions: {debuggerAddress: localhost:51916}, javascriptEnabled: true, networkConnectionEnabled: false, pageLoadStrategy: normal, platform: WINDOWS, platformName: WINDOWS, proxy: Proxy(), setWindowRect: true, strictFileInteractability: false, timeouts: {implicit: 0, pageLoad: 300000, script: 30000}, unhandledPromptBehavior: dismiss and notify}
Session ID: 05f0dc5aafa1eb5f8edafcfd116ce3ef
*** Element info: {Using=xpath, value=//span[text()='This site uses cookies to provide you with a great user experience. You can learn more by reviewing our Privacy Policy ']}
	at ShopStarProdTest.SS1_Banner_Test.SS1_BannerTest(SS1_Banner_Test.java:82)

SS1_BannerTest(ShopStarProdTest.SS1_Banner_Test)  Time elapsed: 0.463 s  <<< FAILURE!
org.openqa.selenium.NoSuchElementException: 
no such element: Unable to locate element: {"method":"xpath","selector":"//span[text()='This site uses cookies to provide you with a great user experience. You can learn more by reviewing our Privacy Policy ']"}
  (Session info: chrome=79.0.3945.130)
For documentation on this error, please visit: https://www.seleniumhq.org/exceptions/no_such_element.html
Build info: version: '3.141.59', revision: 'e82be7d358', time: '2018-11-14T08:17:03'
System info: host: 'NTIMILSI-WIN10L', ip: '10.0.75.1', os.name: 'Windows 10', os.arch: 'amd64', os.version: '10.0', java.version: '1.8.0_221'
Driver info: org.openqa.selenium.chrome.ChromeDriver
Capabilities {acceptInsecureCerts: false, browserName: chrome, browserVersion: 79.0.3945.130, chrome: {chromedriverVersion: 79.0.3945.36 (3582db32b3389..., userDataDir: C:\Users\NTimilsi\AppData\L...}, goog:chromeOptions: {debuggerAddress: localhost:51942}, javascriptEnabled: true, networkConnectionEnabled: false, pageLoadStrategy: normal, platform: WINDOWS, platformName: WINDOWS, proxy: Proxy(), setWindowRect: true, strictFileInteractability: false, timeouts: {implicit: 0, pageLoad: 300000, script: 30000}, unhandledPromptBehavior: dismiss and notify}
Session ID: 93f47c76e428a0332972b7a13aa0de2b
*** Element info: {Using=xpath, value=//span[text()='This site uses cookies to provide you with a great user experience. You can learn more by reviewing our Privacy Policy ']}
	at ShopStarProdTest.SS1_Banner_Test.SS1_BannerTest(SS1_Banner_Test.java:82)

SS1_BannerTest(ShopStarProdTest.SS1_Banner_Test)  Time elapsed: 0.485 s  <<< FAILURE!
org.openqa.selenium.NoSuchElementException: 
no such element: Unable to locate element: {"method":"xpath","selector":"//span[text()='This site uses cookies to provide you with a great user experience. You can learn more by reviewing our Privacy Policy ']"}
  (Session info: chrome=79.0.3945.130)
For documentation on this error, please visit: https://www.seleniumhq.org/exceptions/no_such_element.html
Build info: version: '3.141.59', revision: 'e82be7d358', time: '2018-11-14T08:17:03'
System info: host: 'NTIMILSI-WIN10L', ip: '10.0.75.1', os.name: 'Windows 10', os.arch: 'amd64', os.version: '10.0', java.version: '1.8.0_221'
Driver info: org.openqa.selenium.chrome.ChromeDriver
Capabilities {acceptInsecureCerts: false, browserName: chrome, browserVersion: 79.0.3945.130, chrome: {chromedriverVersion: 79.0.3945.36 (3582db32b3389..., userDataDir: C:\Users\NTimilsi\AppData\L...}, goog:chromeOptions: {debuggerAddress: localhost:52059}, javascriptEnabled: true, networkConnectionEnabled: false, pageLoadStrategy: normal, platform: WINDOWS, platformName: WINDOWS, proxy: Proxy(), setWindowRect: true, strictFileInteractability: false, timeouts: {implicit: 0, pageLoad: 300000, script: 30000}, unhandledPromptBehavior: dismiss and notify}
Session ID: a0d21de48185d6a929949b9c53ab260e
*** Element info: {Using=xpath, value=//span[text()='This site uses cookies to provide you with a great user experience. You can learn more by reviewing our Privacy Policy ']}
	at ShopStarProdTest.SS1_Banner_Test.SS1_BannerTest(SS1_Banner_Test.java:82)

SS1_BannerTest(ShopStarProdTest.SS1_Banner_Test)  Time elapsed: 0.356 s  <<< FAILURE!
org.openqa.selenium.NoSuchElementException: 
no such element: Unable to locate element: {"method":"xpath","selector":"//span[text()='This site uses cookies to provide you with a great user experience. You can learn more by reviewing our Privacy Policy ']"}
  (Session info: chrome=79.0.3945.130)
For documentation on this error, please visit: https://www.seleniumhq.org/exceptions/no_such_element.html
Build info: version: '3.141.59', revision: 'e82be7d358', time: '2018-11-14T08:17:03'
System info: host: 'NTIMILSI-WIN10L', ip: '10.0.75.1', os.name: 'Windows 10', os.arch: 'amd64', os.version: '10.0', java.version: '1.8.0_221'
Driver info: org.openqa.selenium.chrome.ChromeDriver
Capabilities {acceptInsecureCerts: false, browserName: chrome, browserVersion: 79.0.3945.130, chrome: {chromedriverVersion: 79.0.3945.36 (3582db32b3389..., userDataDir: C:\Users\NTimilsi\AppData\L...}, goog:chromeOptions: {debuggerAddress: localhost:52085}, javascriptEnabled: true, networkConnectionEnabled: false, pageLoadStrategy: normal, platform: WINDOWS, platformName: WINDOWS, proxy: Proxy(), setWindowRect: true, strictFileInteractability: false, timeouts: {implicit: 0, pageLoad: 300000, script: 30000}, unhandledPromptBehavior: dismiss and notify}
Session ID: 84580f1650df00d46cb35068fd9d0479
*** Element info: {Using=xpath, value=//span[text()='This site uses cookies to provide you with a great user experience. You can learn more by reviewing our Privacy Policy ']}
	at ShopStarProdTest.SS1_Banner_Test.SS1_BannerTest(SS1_Banner_Test.java:82)

SS1_BannerTest(ShopStarProdTest.SS1_Banner_Test)  Time elapsed: 0.448 s  <<< FAILURE!
org.openqa.selenium.NoSuchElementException: 
no such element: Unable to locate element: {"method":"xpath","selector":"//span[text()='This site uses cookies to provide you with a great user experience. You can learn more by reviewing our Privacy Policy ']"}
[...]
Session ID: ab56ddc70835b0184e9439344dba2ea5
*** Element info: {Using=xpath, value=//*[text()='Login']|//*[text()='LOGIN  |']}
	at ShopStarProdTest.SS1_Banner_Test.SS1_BannerTest(SS1_Banner_Test.java:100)

SS1_BannerTest(ShopStarProdTest.SS1_Banner_Test)  Time elapsed: 0.369 s  <<< FAILURE!
org.openqa.selenium.NoSuchElementException: 
no such element: Unable to locate element: {"method":"xpath","selector":"//span[text()='This site uses cookies to provide you with a great user experience. You can learn more by reviewing our Privacy Policy ']"}
  (Session info: chrome=79.0.3945.130)
For documentation on this error, please visit: https://www.seleniumhq.org/exceptions/no_such_element.html
Build info: version: '3.141.59', revision: 'e82be7d358', time: '2018-11-14T08:17:03'
System info: host: 'NTIMILSI-WIN10L', ip: '10.0.75.1', os.name: 'Windows 10', os.arch: 'amd64', os.version: '10.0', java.version: '1.8.0_221'
Driver info: org.openqa.selenium.chrome.ChromeDriver
Capabilities {acceptInsecureCerts: false, browserName: chrome, browserVersion: 79.0.3945.130, chrome: {chromedriverVersion: 79.0.3945.36 (3582db32b3389..., userDataDir: C:\Users\NTimilsi\AppData\L...}, goog:chromeOptions: {debuggerAddress: localhost:55170}, javascriptEnabled: true, networkConnectionEnabled: false, pageLoadStrategy: normal, platform: WINDOWS, platformName: WINDOWS, proxy: Proxy(), setWindowRect: true, strictFileInteractability: false, timeouts: {implicit: 0, pageLoad: 300000, script: 30000}, unhandledPromptBehavior: dismiss and notify}
Session ID: 1bfc7f05e9a289289e80b8b7f8d0ad19
*** Element info: {Using=xpath, value=//span[text()='This site uses cookies to provide you with a great user experience. You can learn more by reviewing our Privacy Policy ']}
	at ShopStarProdTest.SS1_Banner_Test.SS1_BannerTest(SS1_Banner_Test.java:82)

SS1_BannerTest(ShopStarProdTest.SS1_Banner_Test)  Time elapsed: 1.153 s  <<< FAILURE!
org.openqa.selenium.NoSuchElementException: 
no such element: Unable to locate element: {"method":"xpath","selector":"//span[text()='This site uses cookies to provide you with a great user experience. You can learn more by reviewing our Privacy Policy ']"}
  (Session info: chrome=79.0.3945.130)
For documentation on this error, please visit: https://www.seleniumhq.org/exceptions/no_such_element.html
Build info: version: '3.141.59', revision: 'e82be7d358', time: '2018-11-14T08:17:03'
System info: host: 'NTIMILSI-WIN10L', ip: '10.0.75.1', os.name: 'Windows 10', os.arch: 'amd64', os.version: '10.0', java.version: '1.8.0_221'
Driver info: org.openqa.selenium.chrome.ChromeDriver
Capabilities {acceptInsecureCerts: false, browserName: chrome, browserVersion: 79.0.3945.130, chrome: {chromedriverVersion: 79.0.3945.36 (3582db32b3389..., userDataDir: C:\Users\NTimilsi\AppData\L...}, goog:chromeOptions: {debuggerAddress: localhost:55192}, javascriptEnabled: true, networkConnectionEnabled: false, pageLoadStrategy: normal, platform: WINDOWS, platformName: WINDOWS, proxy: Proxy(), setWindowRect: true, strictFileInteractability: false, timeouts: {implicit: 0, pageLoad: 300000, script: 30000}, unhandledPromptBehavior: dismiss and notify}
Session ID: ff8f235d94ae16361bbbdac10aee24fe
*** Element info: {Using=xpath, value=//span[text()='This site uses cookies to provide you with a great user experience. You can learn more by reviewing our Privacy Policy ']}
	at ShopStarProdTest.SS1_Banner_Test.SS1_BannerTest(SS1_Banner_Test.java:82)

SS1_BannerTest(ShopStarProdTest.SS1_Banner_Test)  Time elapsed: 0.481 s  <<< FAILURE!
org.openqa.selenium.NoSuchElementException: 
no such element: Unable to locate element: {"method":"xpath","selector":"//span[text()='This site uses cookies to provide you with a great user experience. You can learn more by reviewing our Privacy Policy ']"}
  (Session info: chrome=79.0.3945.130)
For documentation on this error, please visit: https://www.seleniumhq.org/exceptions/no_such_element.html
Build info: version: '3.141.59', revision: 'e82be7d358', time: '2018-11-14T08:17:03'
System info: host: 'NTIMILSI-WIN10L', ip: '10.0.75.1', os.name: 'Windows 10', os.arch: 'amd64', os.version: '10.0', java.version: '1.8.0_221'
Driver info: org.openqa.selenium.chrome.ChromeDriver
Capabilities {acceptInsecureCerts: false, browserName: chrome, browserVersion: 79.0.3945.130, chrome: {chromedriverVersion: 79.0.3945.36 (3582db32b3389..., userDataDir: C:\Users\NTimilsi\AppData\L...}, goog:chromeOptions: {debuggerAddress: localhost:55269}, javascriptEnabled: true, networkConnectionEnabled: false, pageLoadStrategy: normal, platform: WINDOWS, platformName: WINDOWS, proxy: Proxy(), setWindowRect: true, strictFileInteractability: false, timeouts: {implicit: 0, pageLoad: 300000, script: 30000}, unhandledPromptBehavior: dismiss and notify}
Session ID: 120668654b3093afae99a3aaee678904
*** Element info: {Using=xpath, value=//span[text()='This site uses cookies to provide you with a great user experience. You can learn more by reviewing our Privacy Policy ']}
	at ShopStarProdTest.SS1_Banner_Test.SS1_BannerTest(SS1_Banner_Test.java:82)

SS1_BannerTest(ShopStarProdTest.SS1_Banner_Test)  Time elapsed: 0.414 s  <<< FAILURE!
org.openqa.selenium.NoSuchElementException: 
no such element: Unable to locate element: {"method":"xpath","selector":"//span[text()='This site uses cookies to provide you with a great user experience. You can learn more by reviewing our Privacy Policy ']"}
  (Session info: chrome=79.0.3945.130)
For documentation on this error, please visit: https://www.seleniumhq.org/exceptions/no_such_element.html
Build info: version: '3.141.59', revision: 'e82be7d358', time: '2018-11-14T08:17:03'
System info: host: 'NTIMILSI-WIN10L', ip: '10.0.75.1', os.name: 'Windows 10', os.arch: 'amd64', os.version: '10.0', java.version: '1.8.0_221'
Driver info: org.openqa.selenium.chrome.ChromeDriver
Capabilities {acceptInsecureCerts: false, browserName: chrome, browserVersion: 79.0.3945.130, chrome: {chromedriverVersion: 79.0.3945.36 (3582db32b3389..., userDataDir: C:\Users\NTimilsi\AppData\L...}, goog:chromeOptions: {debuggerAddress: localhost:55295}, javascriptEnabled: true, networkConnectionEnabled: false, pageLoadStrategy: normal, platform: WINDOWS, platformName: WINDOWS, proxy: Proxy(), setWindowRect: true, strictFileInteractability: false, timeouts: {implicit: 0, pageLoad: 300000, script: 30000}, unhandledPromptBehavior: dismiss and notify}
Session ID: 4d0c3f90aa7b851f24ec05454f7e3f4e
*** Element info: {Using=xpath, value=//span[text()='This site uses cookies to provide you with a great user experience. You can learn more by reviewing our Privacy Policy ']}
	at ShopStarProdTest.SS1_Banner_Test.SS1_BannerTest(SS1_Banner_Test.java:82)

SS1_BannerTest(ShopStarProdTest.SS1_Banner_Test)  Time elapsed: 0.39 s  <<< FAILURE!
org.openqa.selenium.NoSuchElementException: 
no such element: Unable to locate element: {"method":"xpath","selector":"//span[text()='This site uses cookies to provide you with a great user experience. You can learn more by reviewing our Privacy Policy ']"}
  (Session info: chrome=79.0.3945.130)
For documentation on this error, please visit: https://www.seleniumhq.org/exceptions/no_such_element.html
Build info: version: '3.141.59', revision: 'e82be7d358', time: '2018-11-14T08:17:03'
System info: host: 'NTIMILSI-WIN10L', ip: '10.0.75.1', os.name: 'Windows 10', os.arch: 'amd64', os.version: '10.0', java.version: '1.8.0_221'
Driver info: org.openqa.selenium.chrome.ChromeDriver
Capabilities {acceptInsecureCerts: false, browserName: chrome, browserVersion: 79.0.3945.130, chrome: {chromedriverVersion: 79.0.3945.36 (3582db32b3389..., userDataDir: C:\Users\NTimilsi\AppData\L...}, goog:chromeOptions: {debuggerAddress: localhost:55460}, javascriptEnabled: true, networkConnectionEnabled: false, pageLoadStrategy: normal, platform: WINDOWS, platformName: WINDOWS, proxy: Proxy(), setWindowRect: true, strictFileInteractability: false, timeouts: {implicit: 0, pageLoad: 300000, script: 30000}, unhandledPromptBehavior: dismiss and notify}
Session ID: c3ffd2251c9d889c8f7e5cbcb0646ed5
*** Element info: {Using=xpath, value=//span[text()='This site uses cookies to provide you with a great user experience. You can learn more by reviewing our Privacy Policy ']}
	at ShopStarProdTest.SS1_Banner_Test.SS1_BannerTest(SS1_Banner_Test.java:82)

SS1_BannerTest(ShopStarProdTest.SS1_Banner_Test)  Time elapsed: 0.39 s  <<< FAILURE!
org.openqa.selenium.NoSuchElementException: 
no such element: Unable to locate element: {"method":"xpath","selector":"//span[text()='This site uses cookies to provide you with a great user experience. You can learn more by reviewing our Privacy Policy ']"}
  (Session info: chrome=79.0.3945.130)
For documentation on this error, please visit: https://www.seleniumhq.org/exceptions/no_such_element.html
Build info: version: '3.141.59', revision: 'e82be7d358', time: '2018-11-14T08:17:03'
System info: host: 'NTIMILSI-WIN10L', ip: '10.0.75.1', os.name: 'Windows 10', os.arch: 'amd64', os.version: '10.0', java.version: '1.8.0_221'
Driver info: org.openqa.selenium.chrome.ChromeDriver
Capabilities {acceptInsecureCerts: false, browserName: chrome, browserVersion: 79.0.3945.130, chrome: {chromedriverVersion: 79.0.3945.36 (3582db32b3389..., userDataDir: C:\Users\NTimilsi\AppData\L...}, goog:chromeOptions: {debuggerAddress: localhost:55486}, javascriptEnabled: true, networkConnectionEnabled: false, pageLoadStrategy: normal, platform: WINDOWS, platformName: WINDOWS, proxy: Proxy(), setWindowRect: true, strictFileInteractability: false, timeouts: {implicit: 0, pageLoad: 300000, script: 30000}, unhandledPromptBehavior: dismiss and notify}
Session ID: b5fd44896a9640b71ad942a3a92ac5dc
*** Element info: {Using=xpath, value=//span[text()='This site uses cookies to provide you with a great user experience. You can learn more by reviewing our Privacy Policy ']}
	at ShopStarProdTest.SS1_Banner_Test.SS1_BannerTest(SS1_Banner_Test.java:82)

SS1_BannerTest(ShopStarProdTest.SS1_Banner_Test)  Time elapsed: 0.383 s  <<< FAILURE!
org.openqa.selenium.NoSuchElementException: 
no such element: Unable to locate element: {"method":"xpath","selector":"//span[text()='This site uses cookies to provide you with a great user experience. You can learn more by reviewing our Privacy Policy ']"}
  (Session info: chrome=79.0.3945.130)
For documentation on this error, please visit: https://www.seleniumhq.org/exceptions/no_such_element.html
Build info: version: '3.141.59', revision: 'e82be7d358', time: '2018-11-14T08:17:03'
System info: host: 'NTIMILSI-WIN10L', ip: '10.0.75.1', os.name: 'Windows 10', os.arch: 'amd64', os.version: '10.0', java.version: '1.8.0_221'
Driver info: org.openqa.selenium.chrome.ChromeDriver
Capabilities {acceptInsecureCerts: false, browserName: chrome, browserVersion: 79.0.3945.130, chrome: {chromedriverVersion: 79.0.3945.36 (3582db32b3389..., userDataDir: C:\Users\NTimilsi\AppData\L...}, goog:chromeOptions: {debuggerAddress: localhost:55554}, javascriptEnabled: true, networkConnectionEnabled: false, pageLoadStrategy: normal, platform: WINDOWS, platformName: WINDOWS, proxy: Proxy(), setWindowRect: true, strictFileInteractability: false, timeouts: {implicit: 0, pageLoad: 300000, script: 30000}, unhandledPromptBehavior: dismiss and notify}
Session ID: bfd78daee1b98068187fcffe7af2de09
*** Element info: {Using=xpath, value=//span[text()='This site uses cookies to provide you with a great user experience. You can learn more by reviewing our Privacy Policy ']}
	at ShopStarProdTest.SS1_Banner_Test.SS1_BannerTest(SS1_Banner_Test.java:82)

SS1_BannerTest(ShopStarProdTest.SS1_Banner_Test)  Time elapsed: 3.489 s  <<< FAILURE!
org.openqa.selenium.NoSuchElementException: 
no such element: Unable to locate element: {"method":"xpath","selector":"//span[text()='This site uses cookies to provide you with a great user experience. You can learn more by reviewing our Privacy Policy ']"}
  (Session info: chrome=79.0.3945.130)
For documentation on this error, please visit: https://www.seleniumhq.org/exceptions/no_such_element.html
Build info: version: '3.141.59', revision: 'e82be7d358', time: '2018-11-14T08:17:03'
System info: host: 'NTIMILSI-WIN10L', ip: '10.0.75.1', os.name: 'Windows 10', os.arch: 'amd64', os.version: '10.0', java.version: '1.8.0_221'
Driver info: org.openqa.selenium.chrome.ChromeDriver
Capabilities {acceptInsecureCerts: false, browserName: chrome, browserVersion: 79.0.3945.130, chrome: {chromedriverVersion: 79.0.3945.36 (3582db32b3389..., userDataDir: C:\Users\NTimilsi\AppData\L...}, goog:chromeOptions: {debuggerAddress: localhost:55628}, javascriptEnabled: true, networkConnectionEnabled: false, pageLoadStrategy: normal, platform: WINDOWS, platformName: WINDOWS, proxy: Proxy(), setWindowRect: true, strictFileInteractability: false, timeouts: {implicit: 0, pageLoad: 300000, script: 30000}, unhandledPromptBehavior: dismiss and notify}
Session ID: d991478fa661539d2b88fb50e9e37bf2
*** Element info: {Using=xpath, value=//span[text()='This site uses cookies to provide you with a great user experience. You can learn more by reviewing our Privacy Policy ']}
	at ShopStarProdTest.SS1_Banner_Test.SS1_BannerTest(SS1_Banner_Test.java:82)

SS1_BannerTest(ShopStarProdTest.SS1_Banner_Test)  Time elapsed: 0.608 s  <<< FAILURE!
org.openqa.selenium.NoSuchElementException: 
no such element: Unable to locate element: {"method":"xpath","selector":"//span[text()='This site uses cookies to provide you with a great user experience. You can learn more by reviewing our Privacy Policy ']"}
  (Session info: chrome=79.0.3945.130)
For documentation on this error, please visit: https://www.seleniumhq.org/exceptions/no_such_element.html
Build info: version: '3.141.59', revision: 'e82be7d358', time: '2018-11-14T08:17:03'
System info: host: 'NTIMILSI-WIN10L', ip: '10.0.75.1', os.name: 'Windows 10', os.arch: 'amd64', os.version: '10.0', java.version: '1.8.0_221'
Driver info: org.openqa.selenium.chrome.ChromeDriver
Capabilities {acceptInsecureCerts: false, browserName: chrome, browserVersion: 79.0.3945.130, chrome: {chromedriverVersion: 79.0.3945.36 (3582db32b3389..., userDataDir: C:\Users\NTimilsi\AppData\L...}, goog:chromeOptions: {debuggerAddress: localhost:56089}, javascriptEnabled: true, networkConnectionEnabled: false, pageLoadStrategy: normal, platform: WINDOWS, platformName: WINDOWS, proxy: Proxy(), setWindowRect: true, strictFileInteractability: false, timeouts: {implicit: 0, pageLoad: 300000, script: 30000}, unhandledPromptBehavior: dismiss and notify}
Session ID: a76d859dc482a4a7cccdb12fdda811e6
*** Element info: {Using=xpath, value=//span[text()='This site uses cookies to provide you with a great user experience. You can learn more by reviewing our Privacy Policy ']}
	at ShopStarProdTest.SS1_Banner_Test.SS1_BannerTest(SS1_Banner_Test.java:82)

SS1_BannerTest(ShopStarProdTest.SS1_Banner_Test)  Time elapsed: 0.383 s  <<< FAILURE!
org.openqa.selenium.NoSuchElementException: 
no such element: Unable to locate element: {"method":"xpath","selector":"//span[text()='This site uses cookies to provide you with a great user experience. You can learn more by reviewing our Privacy Policy ']"}
  (Session info: chrome=79.0.3945.130)
For documentation on this error, please visit: https://www.seleniumhq.org/exceptions/no_such_element.html
Build info: version: '3.141.59', revision: 'e82be7d358', time: '2018-11-14T08:17:03'
System info: host: 'NTIMILSI-WIN10L', ip: '10.0.75.1', os.name: 'Windows 10', os.arch: 'amd64', os.version: '10.0', java.version: '1.8.0_221'
Driver info: org.openqa.selenium.chrome.ChromeDriver
Capabilities {acceptInsecureCerts: false, browserName: chrome, browserVersion: 79.0.3945.130, chrome: {chromedriverVersion: 79.0.3945.36 (3582db32b3389..., userDataDir: C:\Users\NTimilsi\AppData\L...}, goog:chromeOptions: {debuggerAddress: localhost:56166}, javascriptEnabled: true, networkConnectionEnabled: false, pageLoadStrategy: normal, platform: WINDOWS, platformName: WINDOWS, proxy: Proxy(), setWindowRect: true, strictFileInteractability: false, timeouts: {implicit: 0, pageLoad: 300000, script: 30000}, unhandledPromptBehavior: dismiss and notify}
Session ID: 9422ee9543c950a4031f972db55556e8
*** Element info: {Using=xpath, value=//span[text()='This site uses cookies to provide you with a great user experience. You can learn more by reviewing our Privacy Policy ']}
	at ShopStarProdTest.SS1_Banner_Test.SS1_BannerTest(SS1_Banner_Test.java:82)

SS1_BannerTest(ShopStarProdTest.SS1_Banner_Test)  Time elapsed: 0.374 s  <<< FAILURE!
org.openqa.selenium.NoSuchElementException: 
no such element: Unable to locate element: {"method":"xpath","selector":"//span[text()='This site uses cookies to provide you with a great user experience. You can learn more by reviewing our Privacy Policy ']"}
  (Session info: chrome=79.0.3945.130)
For documentation on this error, please visit: https://www.seleniumhq.org/exceptions/no_such_element.html
Build info: version: '3.141.59', revision: 'e82be7d358', time: '2018-11-14T08:17:03'
System info: host: 'NTIMILSI-WIN10L', ip: '10.0.75.1', os.name: 'Windows 10', os.arch: 'amd64', os.version: '10.0', java.version: '1.8.0_221'
Driver info: org.openqa.selenium.chrome.ChromeDriver
Capabilities {acceptInsecureCerts: false, browserName: chrome, browserVersion: 79.0.3945.130, chrome: {chromedriverVersion: 79.0.3945.36 (3582db32b3389..., userDataDir: C:\Users\NTimilsi\AppData\L...}, goog:chromeOptions: {debuggerAddress: localhost:56387}, javascriptEnabled: true, networkConnectionEnabled: false, pageLoadStrategy: normal, platform: WINDOWS, platformName: WINDOWS, proxy: Proxy(), setWindowRect: true, strictFileInteractability: false, timeouts: {implicit: 0, pageLoad: 300000, script: 30000}, unhandledPromptBehavior: dismiss and notify}
Session ID: b4c52e6a4e4f0f796ae816f2c8e66bcc
*** Element info: {Using=xpath, value=//span[text()='This site uses cookies to provide you with a great user experience. You can learn more by reviewing our Privacy Policy ']}
	at ShopStarProdTest.SS1_Banner_Test.SS1_BannerTest(SS1_Banner_Test.java:82)

SS1_BannerTest(ShopStarProdTest.SS1_Banner_Test)  Time elapsed: 0.401 s  <<< FAILURE!
org.openqa.selenium.NoSuchElementException: 
no such element: Unable to locate element: {"method":"xpath","selector":"//span[text()='This site uses cookies to provide you with a great user experience. You can learn more by reviewing our Privacy Policy ']"}
  (Session info: chrome=79.0.3945.130)
For documentation on this error, please visit: https://www.seleniumhq.org/exceptions/no_such_element.html
Build info: version: '3.141.59', revision: 'e82be7d358', time: '2018-11-14T08:17:03'
System info: host: 'NTIMILSI-WIN10L', ip: '10.0.75.1', os.name: 'Windows 10', os.arch: 'amd64', os.version: '10.0', java.version: '1.8.0_221'
Driver info: org.openqa.selenium.chrome.ChromeDriver
Capabilities {acceptInsecureCerts: false, browserName: chrome, browserVersion: 79.0.3945.130, chrome: {chromedriverVersion: 79.0.3945.36 (3582db32b3389..., userDataDir: C:\Users\NTimilsi\AppData\L...}, goog:chromeOptions: {debuggerAddress: localhost:56736}, javascriptEnabled: true, networkConnectionEnabled: false, pageLoadStrategy: normal, platform: WINDOWS, platformName: WINDOWS, proxy: Proxy(), setWindowRect: true, strictFileInteractability: false, timeouts: {implicit: 0, pageLoad: 300000, script: 30000}, unhandledPromptBehavior: dismiss and notify}
Session ID: a00b7f2367d18d910a506696fd4400c1
*** Element info: {Using=xpath, value=//span[text()='This site uses cookies to provide you with a great user experience. You can learn more by reviewing our Privacy Policy ']}
	at ShopStarProdTest.SS1_Banner_Test.SS1_BannerTest(SS1_Banner_Test.java:82)

