<?xml version="1.0" encoding="UTF-8"?>
<testng-results skipped="0" failed="0" ignored="0" total="1" passed="1">
  <reporter-output>
    <line>
      <![CDATA[Driver used is:ChromeDriver: chrome on WINDOWS (3afe9b3b196b5df7f2bea5485ed01887)]]>
    </line>
    <line>
      <![CDATA[Privacy cookie is Present]]>
    </line>
    <line>
      <![CDATA[Privacy cookie is Present]]>
    </line>
    <line>
      <![CDATA[Privacy cookie is Present]]>
    </line>
    <line>
      <![CDATA[Current date and time is 01/27/2020 13:58:17]]>
    </line>
    <line>
      <![CDATA[Get Title is:  Spectrum]]>
    </line>
    <line>
      <![CDATA[Current URL is: https://www.halo.com/privacy-policy.aspx]]>
    </line>
  </reporter-output>
  <suite name="Default suite" duration-ms="33856" started-at="2020-01-27T13:58:07 CST" finished-at="2020-01-27T13:58:41 CST">
    <groups>
    </groups>
    <test name="Default test" duration-ms="33856" started-at="2020-01-27T13:58:07 CST" finished-at="2020-01-27T13:58:41 CST">
      <class name="ShopStarProdTest.SS1_Banner_Test">
        <test-method status="PASS" signature="BrowserOpen()[pri:0, instance:ShopStarProdTest.SS1_Banner_Test@59906517]" name="BrowserOpen" is-config="true" duration-ms="10341" started-at="2020-01-27T13:58:07 CST" finished-at="2020-01-27T13:58:17 CST">
          <reporter-output>
            <line>
              <![CDATA[Driver used is:ChromeDriver: chrome on WINDOWS (3afe9b3b196b5df7f2bea5485ed01887)]]>
            </line>
          </reporter-output>
        </test-method> <!-- BrowserOpen -->
        <test-method status="PASS" signature="SS1_BannerTest(java.lang.String, java.lang.String, java.lang.String)[pri:1, instance:ShopStarProdTest.SS1_Banner_Test@59906517]" name="SS1_BannerTest" duration-ms="22520" started-at="2020-01-27T13:58:17 CST" data-provider="TestData" finished-at="2020-01-27T13:58:40 CST">
          <params>
            <param index="0">
              <value>
                <![CDATA[TC_001]]>
              </value>
            </param>
            <param index="1">
              <value>
                <![CDATA[20170320007]]>
              </value>
            </param>
            <param index="2">
              <value>
                <![CDATA[https://www.mylogogear.com/shop/20170320007/c-28178.htm]]>
              </value>
            </param>
          </params>
          <reporter-output>
            <line>
              <![CDATA[Privacy cookie is Present]]>
            </line>
            <line>
              <![CDATA[Privacy cookie is Present]]>
            </line>
            <line>
              <![CDATA[Privacy cookie is Present]]>
            </line>
            <line>
              <![CDATA[Current date and time is 01/27/2020 13:58:17]]>
            </line>
            <line>
              <![CDATA[Get Title is:  Spectrum]]>
            </line>
            <line>
              <![CDATA[Current URL is: https://www.halo.com/privacy-policy.aspx]]>
            </line>
          </reporter-output>
        </test-method> <!-- SS1_BannerTest -->
        <test-method status="PASS" signature="AfterSuites(org.testng.ITestResult)[pri:0, instance:ShopStarProdTest.SS1_Banner_Test@59906517]" name="AfterSuites" is-config="true" duration-ms="845" started-at="2020-01-27T13:58:40 CST" finished-at="2020-01-27T13:58:41 CST">
          <params>
            <param index="0">
              <value>
                <![CDATA[[TestResult name=SS1_BannerTest status=SUCCESS method=SS1_Banner_Test.SS1_BannerTest(java.lang.String, java.lang.String, java.lang.String)[pri:1, instance:ShopStarProdTest.SS1_Banner_Test@59906517] output=Privacy cookie is Present]]]>
              </value>
            </param>
          </params>
          <reporter-output>
          </reporter-output>
        </test-method> <!-- AfterSuites -->
      </class> <!-- ShopStarProdTest.SS1_Banner_Test -->
    </test> <!-- Default test -->
  </suite> <!-- Default suite -->
</testng-results>
